--------------- Build Started: 01/18/2017 21:26:48 Project: SCB_UartComm01, Configuration: ARM GCC 4.9-2015-q1-update Debug ---------------
The code generation step is up to date.
arm-none-eabi-gcc.exe -mcpu=cortex-m0 -mthumb -Wno-main -I. -IGenerated_Source\PSoC4 -Wa,-alh=.\CortexM0\ARM_GCC_493\Debug/main.lst -g -D DEBUG -Wall -ffunction-sections -O0 -ffat-lto-objects -c .\main.c -o .\CortexM0\ARM_GCC_493\Debug\main.o
.\main.c: In function 'printstopper':
.\main.c:12:11: warning: unused variable 's' [-Wunused-variable]
     uint8 s = '\"';
           ^
.\main.c:10:11: warning: unused variable 'd' [-Wunused-variable]
     uint8 d = '\r';
           ^
.\main.c: In function 'output':
.\main.c:85:12: warning: variable 'j' set but not used [-Wunused-but-set-variable]
      int i,j;
            ^
.\main.c: In function 'get_field':
.\main.c:127:29: warning: suggest parentheses around comparison in operand of '&' [-Wparentheses]
                while(json[i]!=',' & i<len)value[j++]=json[i++];
                             ^
.\main.c:130:30: warning: suggest parentheses around comparison in operand of '&' [-Wparentheses]
                 while(json[i]!='\"' & i<len)value[j++]=json[i++];
                              ^
.\main.c: In function 'main':
.\main.c:149:9: warning: unused variable 't' [-Wunused-variable]
     int t;
         ^
.\main.c:138:12: warning: variable 'ch' set but not used [-Wunused-but-set-variable]
     uint32 ch;
            ^
arm-none-eabi-ar.exe -rs .\CortexM0\ARM_GCC_493\Debug\SCB_UartComm01.a .\CortexM0\ARM_GCC_493\Debug\cyfitter_cfg.o .\CortexM0\ARM_GCC_493\Debug\UART.o .\CortexM0\ARM_GCC_493\Debug\UART_SPI_UART.o .\CortexM0\ARM_GCC_493\Debug\UART_SPI_UART_INT.o .\CortexM0\ARM_GCC_493\Debug\UART_PM.o .\CortexM0\ARM_GCC_493\Debug\UART_UART.o .\CortexM0\ARM_GCC_493\Debug\UART_BOOT.o .\CortexM0\ARM_GCC_493\Debug\UART_UART_BOOT.o .\CortexM0\ARM_GCC_493\Debug\UART_SCBCLK.o .\CortexM0\ARM_GCC_493\Debug\UART_tx.o .\CortexM0\ARM_GCC_493\Debug\UART_tx_PM.o .\CortexM0\ARM_GCC_493\Debug\UART_rx.o .\CortexM0\ARM_GCC_493\Debug\UART_rx_PM.o .\CortexM0\ARM_GCC_493\Debug\CyBootAsmGnu.o .\CortexM0\ARM_GCC_493\Debug\CyFlash.o .\CortexM0\ARM_GCC_493\Debug\CyLib.o .\CortexM0\ARM_GCC_493\Debug\cyPm.o .\CortexM0\ARM_GCC_493\Debug\cyutils.o .\CortexM0\ARM_GCC_493\Debug\CyLFClk.o .\CortexM0\ARM_GCC_493\Debug\WIFI.o .\CortexM0\ARM_GCC_493\Debug\WIFI_SPI_UART.o .\CortexM0\ARM_GCC_493\Debug\WIFI_SPI_UART_INT.o .\CortexM0\ARM_GCC_493\Debug\WIFI_PM.o .\CortexM0\ARM_GCC_493\Debug\WIFI_UART.o .\CortexM0\ARM_GCC_493\Debug\WIFI_BOOT.o .\CortexM0\ARM_GCC_493\Debug\WIFI_UART_BOOT.o .\CortexM0\ARM_GCC_493\Debug\WIFI_SCBCLK.o .\CortexM0\ARM_GCC_493\Debug\WIFI_tx.o .\CortexM0\ARM_GCC_493\Debug\WIFI_tx_PM.o .\CortexM0\ARM_GCC_493\Debug\WIFI_rx.o .\CortexM0\ARM_GCC_493\Debug\WIFI_rx_PM.o
arm-none-eabi-ar.exe: creating .\CortexM0\ARM_GCC_493\Debug\SCB_UartComm01.a
arm-none-eabi-gcc.exe -Wl,--start-group -o .\CortexM0\ARM_GCC_493\Debug\SCB_UartComm01.elf .\CortexM0\ARM_GCC_493\Debug\main.o .\CortexM0\ARM_GCC_493\Debug\cymetadata.o .\CortexM0\ARM_GCC_493\Debug\Cm0Start.o .\CortexM0\ARM_GCC_493\Debug\SCB_UartComm01.a "C:\Program Files (x86)\Cypress\PSoC Creator\3.3\PSoC Creator\psoc\content\cycomponentlibrary\CyComponentLibrary.cylib\CortexM0\ARM_GCC_493\Debug\CyComponentLibrary.a" -mcpu=cortex-m0 -mthumb -g -ffunction-sections -O0 -ffat-lto-objects -L Generated_Source\PSoC4 -Wl,-Map,.\CortexM0\ARM_GCC_493\Debug/SCB_UartComm01.map -T Generated_Source\PSoC4\cm0gcc.ld -specs=nano.specs -Wl,--gc-sections -Wl,--end-group
cyelftool.exe -C "C:\Users\Parth\Documents\PSoC Creator\SCB_UnconfiguredComm01\SCB_UartComm01.cydsn\CortexM0\ARM_GCC_493\Debug\SCB_UartComm01.elf" --flash_row_size 128 --flash_size 131072
cyelftool.exe -S "C:\Users\Parth\Documents\PSoC Creator\SCB_UnconfiguredComm01\SCB_UartComm01.cydsn\CortexM0\ARM_GCC_493\Debug\SCB_UartComm01.elf"
Flash used: 8960 of 131072 bytes (6.8 %).
SRAM used: 1540 of 16384 bytes (9.4 %). Stack: 1024 bytes. Heap: 256 bytes.
--------------- Build Succeeded: 01/18/2017 21:26:49 ---------------
