ARM GAS  C:\Users\Parth\AppData\Local\Temp\cc47fGIZ.s 			page 1


   1              		.cpu cortex-m0
   2              		.fpu softvfp
   3              		.eabi_attribute 20, 1
   4              		.eabi_attribute 21, 1
   5              		.eabi_attribute 23, 3
   6              		.eabi_attribute 24, 1
   7              		.eabi_attribute 25, 1
   8              		.eabi_attribute 26, 1
   9              		.eabi_attribute 30, 6
  10              		.eabi_attribute 34, 0
  11              		.eabi_attribute 18, 4
  12              		.code	16
  13              		.file	"cyfitter_cfg.c"
  14              		.text
  15              	.Ltext0:
  16              		.cfi_sections	.debug_frame
  17              		.section	.text.CYMEMZERO,"ax",%progbits
  18              		.align	2
  19              		.code	16
  20              		.thumb_func
  21              		.type	CYMEMZERO, %function
  22              	CYMEMZERO:
  23              	.LFB2:
  24              		.file 1 ".\\Generated_Source\\PSoC4\\cyfitter_cfg.c"
   1:.\Generated_Source\PSoC4/cyfitter_cfg.c **** /*******************************************************************************
   2:.\Generated_Source\PSoC4/cyfitter_cfg.c **** * File Name: cyfitter_cfg.c
   3:.\Generated_Source\PSoC4/cyfitter_cfg.c **** * 
   4:.\Generated_Source\PSoC4/cyfitter_cfg.c **** * PSoC Creator  3.3 CP3
   5:.\Generated_Source\PSoC4/cyfitter_cfg.c **** *
   6:.\Generated_Source\PSoC4/cyfitter_cfg.c **** * Description:
   7:.\Generated_Source\PSoC4/cyfitter_cfg.c **** * This file contains device initialization code.
   8:.\Generated_Source\PSoC4/cyfitter_cfg.c **** * Except for the user defined sections in CyClockStartupError(), this file should not be modified.
   9:.\Generated_Source\PSoC4/cyfitter_cfg.c **** * This file is automatically generated by PSoC Creator.
  10:.\Generated_Source\PSoC4/cyfitter_cfg.c **** *
  11:.\Generated_Source\PSoC4/cyfitter_cfg.c **** ********************************************************************************
  12:.\Generated_Source\PSoC4/cyfitter_cfg.c **** * Copyright (c) 2007-2016 Cypress Semiconductor.  All rights reserved.
  13:.\Generated_Source\PSoC4/cyfitter_cfg.c **** * You may use this file only in accordance with the license, terms, conditions, 
  14:.\Generated_Source\PSoC4/cyfitter_cfg.c **** * disclaimers, and limitations in the end user license agreement accompanying 
  15:.\Generated_Source\PSoC4/cyfitter_cfg.c **** * the software package with which this file was provided.
  16:.\Generated_Source\PSoC4/cyfitter_cfg.c **** ********************************************************************************/
  17:.\Generated_Source\PSoC4/cyfitter_cfg.c **** 
  18:.\Generated_Source\PSoC4/cyfitter_cfg.c **** #include <string.h>
  19:.\Generated_Source\PSoC4/cyfitter_cfg.c **** #include "cytypes.h"
  20:.\Generated_Source\PSoC4/cyfitter_cfg.c **** #include "cydevice_trm.h"
  21:.\Generated_Source\PSoC4/cyfitter_cfg.c **** #include "cyfitter.h"
  22:.\Generated_Source\PSoC4/cyfitter_cfg.c **** #include "CyLib.h"
  23:.\Generated_Source\PSoC4/cyfitter_cfg.c **** #include "cyfitter_cfg.h"
  24:.\Generated_Source\PSoC4/cyfitter_cfg.c **** 
  25:.\Generated_Source\PSoC4/cyfitter_cfg.c **** 
  26:.\Generated_Source\PSoC4/cyfitter_cfg.c **** #if defined(__GNUC__) || defined(__ARMCC_VERSION)
  27:.\Generated_Source\PSoC4/cyfitter_cfg.c ****     #define CYPACKED 
  28:.\Generated_Source\PSoC4/cyfitter_cfg.c ****     #define CYPACKED_ATTR __attribute__ ((packed))
  29:.\Generated_Source\PSoC4/cyfitter_cfg.c ****     #define CYALIGNED __attribute__ ((aligned))
  30:.\Generated_Source\PSoC4/cyfitter_cfg.c ****     #define CY_CFG_UNUSED __attribute__ ((unused))
  31:.\Generated_Source\PSoC4/cyfitter_cfg.c ****     #ifndef CY_CFG_SECTION
  32:.\Generated_Source\PSoC4/cyfitter_cfg.c ****         #define CY_CFG_SECTION __attribute__ ((section(".psocinit")))
  33:.\Generated_Source\PSoC4/cyfitter_cfg.c ****     #endif
ARM GAS  C:\Users\Parth\AppData\Local\Temp\cc47fGIZ.s 			page 2


  34:.\Generated_Source\PSoC4/cyfitter_cfg.c ****     
  35:.\Generated_Source\PSoC4/cyfitter_cfg.c ****     #if defined(__ARMCC_VERSION)
  36:.\Generated_Source\PSoC4/cyfitter_cfg.c ****         #define CY_CFG_MEMORY_BARRIER() __memory_changed()
  37:.\Generated_Source\PSoC4/cyfitter_cfg.c ****     #else
  38:.\Generated_Source\PSoC4/cyfitter_cfg.c ****         #define CY_CFG_MEMORY_BARRIER() __sync_synchronize()
  39:.\Generated_Source\PSoC4/cyfitter_cfg.c ****     #endif
  40:.\Generated_Source\PSoC4/cyfitter_cfg.c ****     
  41:.\Generated_Source\PSoC4/cyfitter_cfg.c **** #elif defined(__ICCARM__)
  42:.\Generated_Source\PSoC4/cyfitter_cfg.c ****     #include <intrinsics.h>
  43:.\Generated_Source\PSoC4/cyfitter_cfg.c **** 
  44:.\Generated_Source\PSoC4/cyfitter_cfg.c ****     #define CYPACKED __packed
  45:.\Generated_Source\PSoC4/cyfitter_cfg.c ****     #define CYPACKED_ATTR 
  46:.\Generated_Source\PSoC4/cyfitter_cfg.c ****     #define CYALIGNED _Pragma("data_alignment=4")
  47:.\Generated_Source\PSoC4/cyfitter_cfg.c ****     #define CY_CFG_UNUSED _Pragma("diag_suppress=Pe177")
  48:.\Generated_Source\PSoC4/cyfitter_cfg.c ****     #define CY_CFG_SECTION _Pragma("location=\".psocinit\"")
  49:.\Generated_Source\PSoC4/cyfitter_cfg.c ****     
  50:.\Generated_Source\PSoC4/cyfitter_cfg.c ****     #define CY_CFG_MEMORY_BARRIER() __DMB()
  51:.\Generated_Source\PSoC4/cyfitter_cfg.c ****     
  52:.\Generated_Source\PSoC4/cyfitter_cfg.c **** #else
  53:.\Generated_Source\PSoC4/cyfitter_cfg.c ****     #error Unsupported toolchain
  54:.\Generated_Source\PSoC4/cyfitter_cfg.c **** #endif
  55:.\Generated_Source\PSoC4/cyfitter_cfg.c **** 
  56:.\Generated_Source\PSoC4/cyfitter_cfg.c **** 
  57:.\Generated_Source\PSoC4/cyfitter_cfg.c **** CY_CFG_UNUSED
  58:.\Generated_Source\PSoC4/cyfitter_cfg.c **** static void CYMEMZERO(void *s, size_t n);
  59:.\Generated_Source\PSoC4/cyfitter_cfg.c **** CY_CFG_UNUSED
  60:.\Generated_Source\PSoC4/cyfitter_cfg.c **** static void CYMEMZERO(void *s, size_t n)
  61:.\Generated_Source\PSoC4/cyfitter_cfg.c **** {
  25              		.loc 1 61 0
  26              		.cfi_startproc
  27 0000 80B5     		push	{r7, lr}
  28              		.cfi_def_cfa_offset 8
  29              		.cfi_offset 7, -8
  30              		.cfi_offset 14, -4
  31 0002 82B0     		sub	sp, sp, #8
  32              		.cfi_def_cfa_offset 16
  33 0004 00AF     		add	r7, sp, #0
  34              		.cfi_def_cfa_register 7
  35 0006 7860     		str	r0, [r7, #4]
  36 0008 3960     		str	r1, [r7]
  62:.\Generated_Source\PSoC4/cyfitter_cfg.c **** 	(void)memset(s, 0, n);
  37              		.loc 1 62 0
  38 000a 7A68     		ldr	r2, [r7, #4]
  39 000c 3B68     		ldr	r3, [r7]
  40 000e 101C     		mov	r0, r2
  41 0010 0021     		mov	r1, #0
  42 0012 1A1C     		mov	r2, r3
  43 0014 FFF7FEFF 		bl	memset
  63:.\Generated_Source\PSoC4/cyfitter_cfg.c **** }
  44              		.loc 1 63 0
  45 0018 BD46     		mov	sp, r7
  46 001a 02B0     		add	sp, sp, #8
  47              		@ sp needed
  48 001c 80BD     		pop	{r7, pc}
  49              		.cfi_endproc
  50              	.LFE2:
  51              		.size	CYMEMZERO, .-CYMEMZERO
ARM GAS  C:\Users\Parth\AppData\Local\Temp\cc47fGIZ.s 			page 3


  52 001e C046     		.section	.text.CYCONFIGCPY,"ax",%progbits
  53              		.align	2
  54              		.code	16
  55              		.thumb_func
  56              		.type	CYCONFIGCPY, %function
  57              	CYCONFIGCPY:
  58              	.LFB3:
  64:.\Generated_Source\PSoC4/cyfitter_cfg.c **** CY_CFG_UNUSED
  65:.\Generated_Source\PSoC4/cyfitter_cfg.c **** static void CYCONFIGCPY(void *dest, const void *src, size_t n);
  66:.\Generated_Source\PSoC4/cyfitter_cfg.c **** CY_CFG_UNUSED
  67:.\Generated_Source\PSoC4/cyfitter_cfg.c **** static void CYCONFIGCPY(void *dest, const void *src, size_t n)
  68:.\Generated_Source\PSoC4/cyfitter_cfg.c **** {
  59              		.loc 1 68 0
  60              		.cfi_startproc
  61 0000 80B5     		push	{r7, lr}
  62              		.cfi_def_cfa_offset 8
  63              		.cfi_offset 7, -8
  64              		.cfi_offset 14, -4
  65 0002 84B0     		sub	sp, sp, #16
  66              		.cfi_def_cfa_offset 24
  67 0004 00AF     		add	r7, sp, #0
  68              		.cfi_def_cfa_register 7
  69 0006 F860     		str	r0, [r7, #12]
  70 0008 B960     		str	r1, [r7, #8]
  71 000a 7A60     		str	r2, [r7, #4]
  69:.\Generated_Source\PSoC4/cyfitter_cfg.c **** 	(void)memcpy(dest, src, n);
  72              		.loc 1 69 0
  73 000c F968     		ldr	r1, [r7, #12]
  74 000e BA68     		ldr	r2, [r7, #8]
  75 0010 7B68     		ldr	r3, [r7, #4]
  76 0012 081C     		mov	r0, r1
  77 0014 111C     		mov	r1, r2
  78 0016 1A1C     		mov	r2, r3
  79 0018 FFF7FEFF 		bl	memcpy
  70:.\Generated_Source\PSoC4/cyfitter_cfg.c **** }
  80              		.loc 1 70 0
  81 001c BD46     		mov	sp, r7
  82 001e 04B0     		add	sp, sp, #16
  83              		@ sp needed
  84 0020 80BD     		pop	{r7, pc}
  85              		.cfi_endproc
  86              	.LFE3:
  87              		.size	CYCONFIGCPY, .-CYCONFIGCPY
  88 0022 C046     		.section	.text.CYCONFIGCPYCODE,"ax",%progbits
  89              		.align	2
  90              		.code	16
  91              		.thumb_func
  92              		.type	CYCONFIGCPYCODE, %function
  93              	CYCONFIGCPYCODE:
  94              	.LFB4:
  71:.\Generated_Source\PSoC4/cyfitter_cfg.c **** CY_CFG_UNUSED
  72:.\Generated_Source\PSoC4/cyfitter_cfg.c **** static void CYCONFIGCPYCODE(void *dest, const void *src, size_t n);
  73:.\Generated_Source\PSoC4/cyfitter_cfg.c **** CY_CFG_UNUSED
  74:.\Generated_Source\PSoC4/cyfitter_cfg.c **** static void CYCONFIGCPYCODE(void *dest, const void *src, size_t n)
  75:.\Generated_Source\PSoC4/cyfitter_cfg.c **** {
  95              		.loc 1 75 0
  96              		.cfi_startproc
ARM GAS  C:\Users\Parth\AppData\Local\Temp\cc47fGIZ.s 			page 4


  97 0000 80B5     		push	{r7, lr}
  98              		.cfi_def_cfa_offset 8
  99              		.cfi_offset 7, -8
 100              		.cfi_offset 14, -4
 101 0002 84B0     		sub	sp, sp, #16
 102              		.cfi_def_cfa_offset 24
 103 0004 00AF     		add	r7, sp, #0
 104              		.cfi_def_cfa_register 7
 105 0006 F860     		str	r0, [r7, #12]
 106 0008 B960     		str	r1, [r7, #8]
 107 000a 7A60     		str	r2, [r7, #4]
  76:.\Generated_Source\PSoC4/cyfitter_cfg.c **** 	(void)memcpy(dest, src, n);
 108              		.loc 1 76 0
 109 000c F968     		ldr	r1, [r7, #12]
 110 000e BA68     		ldr	r2, [r7, #8]
 111 0010 7B68     		ldr	r3, [r7, #4]
 112 0012 081C     		mov	r0, r1
 113 0014 111C     		mov	r1, r2
 114 0016 1A1C     		mov	r2, r3
 115 0018 FFF7FEFF 		bl	memcpy
  77:.\Generated_Source\PSoC4/cyfitter_cfg.c **** }
 116              		.loc 1 77 0
 117 001c BD46     		mov	sp, r7
 118 001e 04B0     		add	sp, sp, #16
 119              		@ sp needed
 120 0020 80BD     		pop	{r7, pc}
 121              		.cfi_endproc
 122              	.LFE4:
 123              		.size	CYCONFIGCPYCODE, .-CYCONFIGCPYCODE
 124 0022 C046     		.section	.psocinit,"ax",%progbits
 125              		.align	2
 126              		.code	16
 127              		.thumb_func
 128              		.type	ClockSetup, %function
 129              	ClockSetup:
 130              	.LFB5:
  78:.\Generated_Source\PSoC4/cyfitter_cfg.c **** 
  79:.\Generated_Source\PSoC4/cyfitter_cfg.c **** 
  80:.\Generated_Source\PSoC4/cyfitter_cfg.c **** 
  81:.\Generated_Source\PSoC4/cyfitter_cfg.c **** /* Clock startup error codes                                                   */
  82:.\Generated_Source\PSoC4/cyfitter_cfg.c **** #define CYCLOCKSTART_NO_ERROR    0u
  83:.\Generated_Source\PSoC4/cyfitter_cfg.c **** #define CYCLOCKSTART_XTAL_ERROR  1u
  84:.\Generated_Source\PSoC4/cyfitter_cfg.c **** #define CYCLOCKSTART_32KHZ_ERROR 2u
  85:.\Generated_Source\PSoC4/cyfitter_cfg.c **** #define CYCLOCKSTART_PLL_ERROR   3u
  86:.\Generated_Source\PSoC4/cyfitter_cfg.c **** 
  87:.\Generated_Source\PSoC4/cyfitter_cfg.c **** #ifdef CY_NEED_CYCLOCKSTARTUPERROR
  88:.\Generated_Source\PSoC4/cyfitter_cfg.c **** /*******************************************************************************
  89:.\Generated_Source\PSoC4/cyfitter_cfg.c **** * Function Name: CyClockStartupError
  90:.\Generated_Source\PSoC4/cyfitter_cfg.c **** ********************************************************************************
  91:.\Generated_Source\PSoC4/cyfitter_cfg.c **** * Summary:
  92:.\Generated_Source\PSoC4/cyfitter_cfg.c **** *  If an error is encountered during clock configuration (crystal startup error,
  93:.\Generated_Source\PSoC4/cyfitter_cfg.c **** *  PLL lock error, etc.), the system will end up here.  Unless reimplemented by
  94:.\Generated_Source\PSoC4/cyfitter_cfg.c **** *  the customer, this function will stop in an infinite loop.
  95:.\Generated_Source\PSoC4/cyfitter_cfg.c **** *
  96:.\Generated_Source\PSoC4/cyfitter_cfg.c **** * Parameters:
  97:.\Generated_Source\PSoC4/cyfitter_cfg.c **** *   void
  98:.\Generated_Source\PSoC4/cyfitter_cfg.c **** *
ARM GAS  C:\Users\Parth\AppData\Local\Temp\cc47fGIZ.s 			page 5


  99:.\Generated_Source\PSoC4/cyfitter_cfg.c **** * Return:
 100:.\Generated_Source\PSoC4/cyfitter_cfg.c **** *   void
 101:.\Generated_Source\PSoC4/cyfitter_cfg.c **** *
 102:.\Generated_Source\PSoC4/cyfitter_cfg.c **** *******************************************************************************/
 103:.\Generated_Source\PSoC4/cyfitter_cfg.c **** CY_CFG_UNUSED
 104:.\Generated_Source\PSoC4/cyfitter_cfg.c **** static void CyClockStartupError(uint8 errorCode);
 105:.\Generated_Source\PSoC4/cyfitter_cfg.c **** CY_CFG_UNUSED
 106:.\Generated_Source\PSoC4/cyfitter_cfg.c **** static void CyClockStartupError(uint8 errorCode)
 107:.\Generated_Source\PSoC4/cyfitter_cfg.c **** {
 108:.\Generated_Source\PSoC4/cyfitter_cfg.c ****     /* To remove the compiler warning if errorCode not used.                */
 109:.\Generated_Source\PSoC4/cyfitter_cfg.c ****     errorCode = errorCode;
 110:.\Generated_Source\PSoC4/cyfitter_cfg.c **** 
 111:.\Generated_Source\PSoC4/cyfitter_cfg.c ****     /* `#START CyClockStartupError` */
 112:.\Generated_Source\PSoC4/cyfitter_cfg.c **** 
 113:.\Generated_Source\PSoC4/cyfitter_cfg.c ****     /* If we have a clock startup error (bad MHz crystal, PLL lock, etc.),  */
 114:.\Generated_Source\PSoC4/cyfitter_cfg.c ****     /* we will end up here to allow the customer to implement something to  */
 115:.\Generated_Source\PSoC4/cyfitter_cfg.c ****     /* deal with the clock condition.                                       */
 116:.\Generated_Source\PSoC4/cyfitter_cfg.c **** 
 117:.\Generated_Source\PSoC4/cyfitter_cfg.c ****     /* `#END` */
 118:.\Generated_Source\PSoC4/cyfitter_cfg.c **** 
 119:.\Generated_Source\PSoC4/cyfitter_cfg.c ****     /* If nothing else, stop here since the clocks have not started         */
 120:.\Generated_Source\PSoC4/cyfitter_cfg.c ****     /* correctly.                                                           */
 121:.\Generated_Source\PSoC4/cyfitter_cfg.c ****     while(1) {}
 122:.\Generated_Source\PSoC4/cyfitter_cfg.c **** }
 123:.\Generated_Source\PSoC4/cyfitter_cfg.c **** #endif
 124:.\Generated_Source\PSoC4/cyfitter_cfg.c **** 
 125:.\Generated_Source\PSoC4/cyfitter_cfg.c **** 
 126:.\Generated_Source\PSoC4/cyfitter_cfg.c **** 
 127:.\Generated_Source\PSoC4/cyfitter_cfg.c **** /*******************************************************************************
 128:.\Generated_Source\PSoC4/cyfitter_cfg.c **** * Function Name: ClockSetup
 129:.\Generated_Source\PSoC4/cyfitter_cfg.c **** ********************************************************************************
 130:.\Generated_Source\PSoC4/cyfitter_cfg.c **** *
 131:.\Generated_Source\PSoC4/cyfitter_cfg.c **** * Summary:
 132:.\Generated_Source\PSoC4/cyfitter_cfg.c **** *   Performs the initialization of all of the clocks in the device based on the
 133:.\Generated_Source\PSoC4/cyfitter_cfg.c **** *   settings in the Clock tab of the DWR.  This includes enabling the requested
 134:.\Generated_Source\PSoC4/cyfitter_cfg.c **** *   clocks and setting the necessary dividers to produce the desired frequency. 
 135:.\Generated_Source\PSoC4/cyfitter_cfg.c **** *
 136:.\Generated_Source\PSoC4/cyfitter_cfg.c **** * Parameters:
 137:.\Generated_Source\PSoC4/cyfitter_cfg.c **** *   void
 138:.\Generated_Source\PSoC4/cyfitter_cfg.c **** *
 139:.\Generated_Source\PSoC4/cyfitter_cfg.c **** * Return:
 140:.\Generated_Source\PSoC4/cyfitter_cfg.c **** *   void
 141:.\Generated_Source\PSoC4/cyfitter_cfg.c **** *
 142:.\Generated_Source\PSoC4/cyfitter_cfg.c **** *******************************************************************************/
 143:.\Generated_Source\PSoC4/cyfitter_cfg.c **** static void ClockSetup(void);
 144:.\Generated_Source\PSoC4/cyfitter_cfg.c **** CY_CFG_SECTION
 145:.\Generated_Source\PSoC4/cyfitter_cfg.c **** static void ClockSetup(void)
 146:.\Generated_Source\PSoC4/cyfitter_cfg.c **** {
 131              		.loc 1 146 0
 132              		.cfi_startproc
 133 0000 80B5     		push	{r7, lr}
 134              		.cfi_def_cfa_offset 8
 135              		.cfi_offset 7, -8
 136              		.cfi_offset 14, -4
 137 0002 00AF     		add	r7, sp, #0
 138              		.cfi_def_cfa_register 7
 147:.\Generated_Source\PSoC4/cyfitter_cfg.c **** 
ARM GAS  C:\Users\Parth\AppData\Local\Temp\cc47fGIZ.s 			page 6


 148:.\Generated_Source\PSoC4/cyfitter_cfg.c **** 	/* Set Flash Cycles based on max possible frequency in case a glitch occurs during ClockSetup(). *
 149:.\Generated_Source\PSoC4/cyfitter_cfg.c **** 	CY_SET_REG32((void CYXDATA *)(CYREG_CPUSS_FLASH_CTL), (0x0012u));
 139              		.loc 1 149 0
 140 0004 244B     		ldr	r3, .L5
 141 0006 1222     		mov	r2, #18
 142 0008 1A60     		str	r2, [r3]
 150:.\Generated_Source\PSoC4/cyfitter_cfg.c **** 
 151:.\Generated_Source\PSoC4/cyfitter_cfg.c **** 	/* Start the WCO */
 152:.\Generated_Source\PSoC4/cyfitter_cfg.c **** 	CySysClkWcoStart();
 143              		.loc 1 152 0
 144 000a FFF7FEFF 		bl	CySysClkWcoStart
 153:.\Generated_Source\PSoC4/cyfitter_cfg.c **** 	(void)CySysClkWcoSetPowerMode(CY_SYS_CLK_WCO_LPM);    /* Switch to the low power mode */
 145              		.loc 1 153 0
 146 000e 0120     		mov	r0, #1
 147 0010 FFF7FEFF 		bl	CySysClkWcoSetPowerMode
 154:.\Generated_Source\PSoC4/cyfitter_cfg.c **** 
 155:.\Generated_Source\PSoC4/cyfitter_cfg.c **** 	/* Setup and trim IMO based on desired frequency. */
 156:.\Generated_Source\PSoC4/cyfitter_cfg.c **** 	CySysClkWriteImoFreq(24u);
 148              		.loc 1 156 0
 149 0014 1820     		mov	r0, #24
 150 0016 FFF7FEFF 		bl	CySysClkWriteImoFreq
 157:.\Generated_Source\PSoC4/cyfitter_cfg.c **** 	/* CYDEV_CLK_ILO_CONFIG Starting address: CYDEV_CLK_ILO_CONFIG */
 158:.\Generated_Source\PSoC4/cyfitter_cfg.c **** 	CY_SET_XTND_REG32((void CYFAR *)(CYREG_CLK_ILO_CONFIG), 0x80000006u);
 151              		.loc 1 158 0
 152 001a 204B     		ldr	r3, .L5+4
 153 001c 204A     		ldr	r2, .L5+8
 154 001e 1A60     		str	r2, [r3]
 159:.\Generated_Source\PSoC4/cyfitter_cfg.c **** 
 160:.\Generated_Source\PSoC4/cyfitter_cfg.c **** 
 161:.\Generated_Source\PSoC4/cyfitter_cfg.c **** 	/* Enable fast start mode for XO */
 162:.\Generated_Source\PSoC4/cyfitter_cfg.c **** 	CY_SET_REG32((void*)CYREG_BLE_BLERD_BB_XO, CY_GET_REG32((void*)CYREG_BLE_BLERD_BB_XO) | (uint32)0x
 155              		.loc 1 162 0
 156 0020 204B     		ldr	r3, .L5+12
 157 0022 204A     		ldr	r2, .L5+12
 158 0024 1268     		ldr	r2, [r2]
 159 0026 0221     		mov	r1, #2
 160 0028 0A43     		orr	r2, r1
 161 002a 1A60     		str	r2, [r3]
 163:.\Generated_Source\PSoC4/cyfitter_cfg.c **** 	CY_SET_XTND_REG32((void CYFAR *)(CYREG_BLE_BLERD_BB_XO_CAPTRIM), 0x00003E2Du);
 162              		.loc 1 163 0
 163 002c 1E4B     		ldr	r3, .L5+16
 164 002e 1F4A     		ldr	r2, .L5+20
 165 0030 1A60     		str	r2, [r3]
 164:.\Generated_Source\PSoC4/cyfitter_cfg.c **** 	/* Disable Crystal Stable Interrupt before enabling ECO */
 165:.\Generated_Source\PSoC4/cyfitter_cfg.c **** 	CY_SET_REG32((void*)CYREG_BLE_BLESS_LL_DSM_CTRL, CY_GET_REG32((void*)CYREG_BLE_BLESS_LL_DSM_CTRL) 
 166              		.loc 1 165 0
 167 0032 1F4B     		ldr	r3, .L5+24
 168 0034 1E4A     		ldr	r2, .L5+24
 169 0036 1268     		ldr	r2, [r2]
 170 0038 0821     		mov	r1, #8
 171 003a 8A43     		bic	r2, r1
 172 003c 1A60     		str	r2, [r3]
 166:.\Generated_Source\PSoC4/cyfitter_cfg.c **** 	/* Start the ECO and do not check status since it is not needed for HFCLK */
 167:.\Generated_Source\PSoC4/cyfitter_cfg.c **** 	(void)CySysClkEcoStart(2000u);
 173              		.loc 1 167 0
 174 003e FA23     		mov	r3, #250
 175 0040 DB00     		lsl	r3, r3, #3
ARM GAS  C:\Users\Parth\AppData\Local\Temp\cc47fGIZ.s 			page 7


 176 0042 181C     		mov	r0, r3
 177 0044 FFF7FEFF 		bl	CySysClkEcoStart
 168:.\Generated_Source\PSoC4/cyfitter_cfg.c **** 	CyDelayUs(1500u); /* Wait to stabalize */
 178              		.loc 1 168 0
 179 0048 1A4B     		ldr	r3, .L5+28
 180 004a 181C     		mov	r0, r3
 181 004c FFF7FEFF 		bl	CyDelayUs
 169:.\Generated_Source\PSoC4/cyfitter_cfg.c **** 
 170:.\Generated_Source\PSoC4/cyfitter_cfg.c **** 	/* Setup phase aligned clocks */
 171:.\Generated_Source\PSoC4/cyfitter_cfg.c **** 	CY_SET_REG32((void *)CYREG_PERI_DIV_16_CTL1, 0x00001000u);
 182              		.loc 1 171 0
 183 0050 194B     		ldr	r3, .L5+32
 184 0052 8022     		mov	r2, #128
 185 0054 5201     		lsl	r2, r2, #5
 186 0056 1A60     		str	r2, [r3]
 172:.\Generated_Source\PSoC4/cyfitter_cfg.c **** 	CY_SET_REG32((void *)CYREG_PERI_DIV_CMD, 0x8000FF41u);
 187              		.loc 1 172 0
 188 0058 184B     		ldr	r3, .L5+36
 189 005a 194A     		ldr	r2, .L5+40
 190 005c 1A60     		str	r2, [r3]
 173:.\Generated_Source\PSoC4/cyfitter_cfg.c **** 	CY_SET_REG32((void *)CYREG_PERI_DIV_16_CTL0, 0x00000F00u);
 191              		.loc 1 173 0
 192 005e 194B     		ldr	r3, .L5+44
 193 0060 F022     		mov	r2, #240
 194 0062 1201     		lsl	r2, r2, #4
 195 0064 1A60     		str	r2, [r3]
 174:.\Generated_Source\PSoC4/cyfitter_cfg.c **** 	CY_SET_REG32((void *)CYREG_PERI_DIV_CMD, 0x8000FF40u);
 196              		.loc 1 174 0
 197 0066 154B     		ldr	r3, .L5+36
 198 0068 174A     		ldr	r2, .L5+48
 199 006a 1A60     		str	r2, [r3]
 175:.\Generated_Source\PSoC4/cyfitter_cfg.c **** 
 176:.\Generated_Source\PSoC4/cyfitter_cfg.c **** 	/* CYDEV_CLK_IMO_CONFIG Starting address: CYDEV_CLK_IMO_CONFIG */
 177:.\Generated_Source\PSoC4/cyfitter_cfg.c **** 	CY_SET_XTND_REG32((void CYFAR *)(CYREG_CLK_IMO_CONFIG), 0x80000000u);
 200              		.loc 1 177 0
 201 006c 174B     		ldr	r3, .L5+52
 202 006e 8022     		mov	r2, #128
 203 0070 1206     		lsl	r2, r2, #24
 204 0072 1A60     		str	r2, [r3]
 178:.\Generated_Source\PSoC4/cyfitter_cfg.c **** 
 179:.\Generated_Source\PSoC4/cyfitter_cfg.c **** 	/* CYDEV_CLK_SELECT Starting address: CYDEV_CLK_SELECT */
 180:.\Generated_Source\PSoC4/cyfitter_cfg.c **** 	CY_SET_XTND_REG32((void CYFAR *)(CYREG_CLK_SELECT), 0x00000000u);
 205              		.loc 1 180 0
 206 0074 164B     		ldr	r3, .L5+56
 207 0076 0022     		mov	r2, #0
 208 0078 1A60     		str	r2, [r3]
 181:.\Generated_Source\PSoC4/cyfitter_cfg.c **** 
 182:.\Generated_Source\PSoC4/cyfitter_cfg.c **** 	/* CYDEV_PERI_PCLK_CTL2 Starting address: CYDEV_PERI_PCLK_CTL2 */
 183:.\Generated_Source\PSoC4/cyfitter_cfg.c **** 	CY_SET_XTND_REG32((void CYFAR *)(CYREG_PERI_PCLK_CTL2), 0x00000041u);
 209              		.loc 1 183 0
 210 007a 164B     		ldr	r3, .L5+60
 211 007c 4122     		mov	r2, #65
 212 007e 1A60     		str	r2, [r3]
 184:.\Generated_Source\PSoC4/cyfitter_cfg.c **** 
 185:.\Generated_Source\PSoC4/cyfitter_cfg.c **** 	/* CYDEV_PERI_PCLK_CTL1 Starting address: CYDEV_PERI_PCLK_CTL1 */
 186:.\Generated_Source\PSoC4/cyfitter_cfg.c **** 	CY_SET_XTND_REG32((void CYFAR *)(CYREG_PERI_PCLK_CTL1), 0x00000040u);
 213              		.loc 1 186 0
ARM GAS  C:\Users\Parth\AppData\Local\Temp\cc47fGIZ.s 			page 8


 214 0080 154B     		ldr	r3, .L5+64
 215 0082 4022     		mov	r2, #64
 216 0084 1A60     		str	r2, [r3]
 187:.\Generated_Source\PSoC4/cyfitter_cfg.c **** 
 188:.\Generated_Source\PSoC4/cyfitter_cfg.c **** 	CY_SET_XTND_REG32((void CYFAR *)(CYREG_WDT_CONFIG), 0x00000000u);
 217              		.loc 1 188 0
 218 0086 154B     		ldr	r3, .L5+68
 219 0088 0022     		mov	r2, #0
 220 008a 1A60     		str	r2, [r3]
 189:.\Generated_Source\PSoC4/cyfitter_cfg.c **** 	/* Set Flash Cycles based on newly configured 24.00MHz HFCLK. */
 190:.\Generated_Source\PSoC4/cyfitter_cfg.c **** 	CY_SET_REG32((void CYXDATA *)(CYREG_CPUSS_FLASH_CTL), (0x0011u));
 221              		.loc 1 190 0
 222 008c 024B     		ldr	r3, .L5
 223 008e 1122     		mov	r2, #17
 224 0090 1A60     		str	r2, [r3]
 191:.\Generated_Source\PSoC4/cyfitter_cfg.c **** }
 225              		.loc 1 191 0
 226 0092 BD46     		mov	sp, r7
 227              		@ sp needed
 228 0094 80BD     		pop	{r7, pc}
 229              	.L6:
 230 0096 C046     		.align	2
 231              	.L5:
 232 0098 30001040 		.word	1074790448
 233 009c 04010B40 		.word	1074462980
 234 00a0 06000080 		.word	-2147483642
 235 00a4 78002E40 		.word	1076756600
 236 00a8 7C002E40 		.word	1076756604
 237 00ac 2D3E0000 		.word	15917
 238 00b0 6CF02E40 		.word	1076818028
 239 00b4 DC050000 		.word	1500
 240 00b8 04030140 		.word	1073808132
 241 00bc 00000140 		.word	1073807360
 242 00c0 41FF0080 		.word	-2147418303
 243 00c4 00030140 		.word	1073808128
 244 00c8 40FF0080 		.word	-2147418304
 245 00cc 08010B40 		.word	1074462984
 246 00d0 00010B40 		.word	1074462976
 247 00d4 08010140 		.word	1073807624
 248 00d8 04010140 		.word	1073807620
 249 00dc 0C020B40 		.word	1074463244
 250              		.cfi_endproc
 251              	.LFE5:
 252              		.size	ClockSetup, .-ClockSetup
 253              		.section	.text.AnalogSetDefault,"ax",%progbits
 254              		.align	2
 255              		.code	16
 256              		.thumb_func
 257              		.type	AnalogSetDefault, %function
 258              	AnalogSetDefault:
 259              	.LFB6:
 192:.\Generated_Source\PSoC4/cyfitter_cfg.c **** 
 193:.\Generated_Source\PSoC4/cyfitter_cfg.c **** 
 194:.\Generated_Source\PSoC4/cyfitter_cfg.c **** /* Analog API Functions */
 195:.\Generated_Source\PSoC4/cyfitter_cfg.c **** 
 196:.\Generated_Source\PSoC4/cyfitter_cfg.c **** 
 197:.\Generated_Source\PSoC4/cyfitter_cfg.c **** /*******************************************************************************
ARM GAS  C:\Users\Parth\AppData\Local\Temp\cc47fGIZ.s 			page 9


 198:.\Generated_Source\PSoC4/cyfitter_cfg.c **** * Function Name: AnalogSetDefault
 199:.\Generated_Source\PSoC4/cyfitter_cfg.c **** ********************************************************************************
 200:.\Generated_Source\PSoC4/cyfitter_cfg.c **** *
 201:.\Generated_Source\PSoC4/cyfitter_cfg.c **** * Summary:
 202:.\Generated_Source\PSoC4/cyfitter_cfg.c **** *  Sets up the analog portions of the chip to default values based on chip
 203:.\Generated_Source\PSoC4/cyfitter_cfg.c **** *  configuration options from the project.
 204:.\Generated_Source\PSoC4/cyfitter_cfg.c **** *
 205:.\Generated_Source\PSoC4/cyfitter_cfg.c **** * Parameters:
 206:.\Generated_Source\PSoC4/cyfitter_cfg.c **** *  void
 207:.\Generated_Source\PSoC4/cyfitter_cfg.c **** *
 208:.\Generated_Source\PSoC4/cyfitter_cfg.c **** * Return:
 209:.\Generated_Source\PSoC4/cyfitter_cfg.c **** *  void
 210:.\Generated_Source\PSoC4/cyfitter_cfg.c **** *
 211:.\Generated_Source\PSoC4/cyfitter_cfg.c **** *******************************************************************************/
 212:.\Generated_Source\PSoC4/cyfitter_cfg.c **** static void AnalogSetDefault(void);
 213:.\Generated_Source\PSoC4/cyfitter_cfg.c **** static void AnalogSetDefault(void)
 214:.\Generated_Source\PSoC4/cyfitter_cfg.c **** {
 260              		.loc 1 214 0
 261              		.cfi_startproc
 262 0000 80B5     		push	{r7, lr}
 263              		.cfi_def_cfa_offset 8
 264              		.cfi_offset 7, -8
 265              		.cfi_offset 14, -4
 266 0002 00AF     		add	r7, sp, #0
 267              		.cfi_def_cfa_register 7
 215:.\Generated_Source\PSoC4/cyfitter_cfg.c **** 	CY_SET_XTND_REG32((void CYFAR *)CYREG_CTBM0_DFT_CTRL, 0x00000003u);
 268              		.loc 1 215 0
 269 0004 054B     		ldr	r3, .L8
 270 0006 0322     		mov	r2, #3
 271 0008 1A60     		str	r2, [r3]
 216:.\Generated_Source\PSoC4/cyfitter_cfg.c **** 	CY_SET_XTND_REG32((void CYFAR *)CYREG_CTBM1_DFT_CTRL, 0x00000003u);
 272              		.loc 1 216 0
 273 000a 054B     		ldr	r3, .L8+4
 274 000c 0322     		mov	r2, #3
 275 000e 1A60     		str	r2, [r3]
 217:.\Generated_Source\PSoC4/cyfitter_cfg.c **** 	CY_SET_XTND_REG32((void CYFAR *)CYREG_PASS_DSAB_DSAB_CTRL, 0x00000000u);
 276              		.loc 1 217 0
 277 0010 044B     		ldr	r3, .L8+8
 278 0012 0022     		mov	r2, #0
 279 0014 1A60     		str	r2, [r3]
 218:.\Generated_Source\PSoC4/cyfitter_cfg.c **** }
 280              		.loc 1 218 0
 281 0016 BD46     		mov	sp, r7
 282              		@ sp needed
 283 0018 80BD     		pop	{r7, pc}
 284              	.L9:
 285 001a C046     		.align	2
 286              	.L8:
 287 001c 30003040 		.word	1076887600
 288 0020 30003140 		.word	1076953136
 289 0024 000E3F40 		.word	1077874176
 290              		.cfi_endproc
 291              	.LFE6:
 292              		.size	AnalogSetDefault, .-AnalogSetDefault
 293              		.section	.psocinit
 294              		.align	2
 295              		.global	cyfitter_cfg
ARM GAS  C:\Users\Parth\AppData\Local\Temp\cc47fGIZ.s 			page 10


 296              		.code	16
 297              		.thumb_func
 298              		.type	cyfitter_cfg, %function
 299              	cyfitter_cfg:
 300              	.LFB7:
 219:.\Generated_Source\PSoC4/cyfitter_cfg.c **** 
 220:.\Generated_Source\PSoC4/cyfitter_cfg.c **** #define CY_AMUX_UNUSED CYREG_CM0_ROM_DWT
 221:.\Generated_Source\PSoC4/cyfitter_cfg.c **** 
 222:.\Generated_Source\PSoC4/cyfitter_cfg.c **** 
 223:.\Generated_Source\PSoC4/cyfitter_cfg.c **** /*******************************************************************************
 224:.\Generated_Source\PSoC4/cyfitter_cfg.c **** * Function Name: cyfitter_cfg
 225:.\Generated_Source\PSoC4/cyfitter_cfg.c **** ********************************************************************************
 226:.\Generated_Source\PSoC4/cyfitter_cfg.c **** * Summary:
 227:.\Generated_Source\PSoC4/cyfitter_cfg.c **** *  This function is called by the start-up code for the selected device. It
 228:.\Generated_Source\PSoC4/cyfitter_cfg.c **** *  performs all of the necessary device configuration based on the design
 229:.\Generated_Source\PSoC4/cyfitter_cfg.c **** *  settings.  This includes settings from the Design Wide Resources (DWR) such
 230:.\Generated_Source\PSoC4/cyfitter_cfg.c **** *  as Clocks and Pins as well as any component configuration that is necessary.
 231:.\Generated_Source\PSoC4/cyfitter_cfg.c **** *
 232:.\Generated_Source\PSoC4/cyfitter_cfg.c **** * Parameters:  
 233:.\Generated_Source\PSoC4/cyfitter_cfg.c **** *   void
 234:.\Generated_Source\PSoC4/cyfitter_cfg.c **** *
 235:.\Generated_Source\PSoC4/cyfitter_cfg.c **** * Return:
 236:.\Generated_Source\PSoC4/cyfitter_cfg.c **** *   void
 237:.\Generated_Source\PSoC4/cyfitter_cfg.c **** *
 238:.\Generated_Source\PSoC4/cyfitter_cfg.c **** *******************************************************************************/
 239:.\Generated_Source\PSoC4/cyfitter_cfg.c **** CY_CFG_SECTION
 240:.\Generated_Source\PSoC4/cyfitter_cfg.c **** void cyfitter_cfg(void)
 241:.\Generated_Source\PSoC4/cyfitter_cfg.c **** {
 301              		.loc 1 241 0
 302              		.cfi_startproc
 303 00e0 80B5     		push	{r7, lr}
 304              		.cfi_def_cfa_offset 8
 305              		.cfi_offset 7, -8
 306              		.cfi_offset 14, -4
 307 00e2 82B0     		sub	sp, sp, #8
 308              		.cfi_def_cfa_offset 16
 309 00e4 00AF     		add	r7, sp, #0
 310              		.cfi_def_cfa_register 7
 242:.\Generated_Source\PSoC4/cyfitter_cfg.c **** 	/* Disable interrupts by default. Let user enable if/when they want. */
 243:.\Generated_Source\PSoC4/cyfitter_cfg.c **** 	CyGlobalIntDisable;
 311              		.loc 1 243 0
 312              	@ 243 ".\Generated_Source\PSoC4\cyfitter_cfg.c" 1
 313 00e6 72B6     		CPSID   i
 314              	@ 0 "" 2
 244:.\Generated_Source\PSoC4/cyfitter_cfg.c **** 
 245:.\Generated_Source\PSoC4/cyfitter_cfg.c **** 	CY_SET_XTND_REG32((void CYFAR *)(CYREG_BLE_BLESS_LL_DSM_CTRL), 0x00000000u);
 315              		.loc 1 245 0
 316              		.code	16
 317 00e8 394B     		ldr	r3, .L13
 318 00ea 0022     		mov	r2, #0
 319 00ec 1A60     		str	r2, [r3]
 320              	.LBB2:
 246:.\Generated_Source\PSoC4/cyfitter_cfg.c **** 
 247:.\Generated_Source\PSoC4/cyfitter_cfg.c **** 	{
 248:.\Generated_Source\PSoC4/cyfitter_cfg.c **** 
 249:.\Generated_Source\PSoC4/cyfitter_cfg.c **** 		CYPACKED typedef struct {
 250:.\Generated_Source\PSoC4/cyfitter_cfg.c **** 			void CYFAR *address;
ARM GAS  C:\Users\Parth\AppData\Local\Temp\cc47fGIZ.s 			page 11


 251:.\Generated_Source\PSoC4/cyfitter_cfg.c **** 			uint16 size;
 252:.\Generated_Source\PSoC4/cyfitter_cfg.c **** 		} CYPACKED_ATTR cfg_memset_t;
 253:.\Generated_Source\PSoC4/cyfitter_cfg.c **** 
 254:.\Generated_Source\PSoC4/cyfitter_cfg.c **** 		static const cfg_memset_t CYCODE cfg_memset_list [] = {
 255:.\Generated_Source\PSoC4/cyfitter_cfg.c **** 			/* address, size */
 256:.\Generated_Source\PSoC4/cyfitter_cfg.c **** 			{(void CYFAR *)(CYDEV_UDB_P0_U0_BASE), 1024u},
 257:.\Generated_Source\PSoC4/cyfitter_cfg.c **** 			{(void CYFAR *)(CYDEV_UDB_DSI0_BASE), 1024u},
 258:.\Generated_Source\PSoC4/cyfitter_cfg.c **** 		};
 259:.\Generated_Source\PSoC4/cyfitter_cfg.c **** 
 260:.\Generated_Source\PSoC4/cyfitter_cfg.c **** 		uint8 CYDATA i;
 261:.\Generated_Source\PSoC4/cyfitter_cfg.c **** 
 262:.\Generated_Source\PSoC4/cyfitter_cfg.c **** 		/* Zero out critical memory blocks before beginning configuration */
 263:.\Generated_Source\PSoC4/cyfitter_cfg.c **** 		for (i = 0u; i < (sizeof(cfg_memset_list)/sizeof(cfg_memset_list[0])); i++)
 321              		.loc 1 263 0
 322 00ee FB1D     		add	r3, r7, #7
 323 00f0 0022     		mov	r2, #0
 324 00f2 1A70     		strb	r2, [r3]
 325 00f4 23E0     		b	.L11
 326              	.L12:
 327              	.LBB3:
 264:.\Generated_Source\PSoC4/cyfitter_cfg.c **** 		{
 265:.\Generated_Source\PSoC4/cyfitter_cfg.c **** 			const cfg_memset_t CYCODE * CYDATA ms = &cfg_memset_list[i];
 328              		.loc 1 265 0 discriminator 3
 329 00f6 FB1D     		add	r3, r7, #7
 330 00f8 1A78     		ldrb	r2, [r3]
 331 00fa 131C     		mov	r3, r2
 332 00fc 5B00     		lsl	r3, r3, #1
 333 00fe 9B18     		add	r3, r3, r2
 334 0100 5B00     		lsl	r3, r3, #1
 335 0102 344A     		ldr	r2, .L13+4
 336 0104 9B18     		add	r3, r3, r2
 337 0106 3B60     		str	r3, [r7]
 266:.\Generated_Source\PSoC4/cyfitter_cfg.c **** 			CYMEMZERO(ms->address, (size_t)(uint32)(ms->size));
 338              		.loc 1 266 0 discriminator 3
 339 0108 3B68     		ldr	r3, [r7]
 340 010a 1A78     		ldrb	r2, [r3]
 341 010c 5978     		ldrb	r1, [r3, #1]
 342 010e 0902     		lsl	r1, r1, #8
 343 0110 0A43     		orr	r2, r1
 344 0112 9978     		ldrb	r1, [r3, #2]
 345 0114 0904     		lsl	r1, r1, #16
 346 0116 0A43     		orr	r2, r1
 347 0118 DB78     		ldrb	r3, [r3, #3]
 348 011a 1B06     		lsl	r3, r3, #24
 349 011c 1343     		orr	r3, r2
 350 011e 191C     		mov	r1, r3
 351 0120 3B68     		ldr	r3, [r7]
 352 0122 1A79     		ldrb	r2, [r3, #4]
 353 0124 5B79     		ldrb	r3, [r3, #5]
 354 0126 1B02     		lsl	r3, r3, #8
 355 0128 1343     		orr	r3, r2
 356 012a 9BB2     		uxth	r3, r3
 357 012c 081C     		mov	r0, r1
 358 012e 191C     		mov	r1, r3
 359 0130 FFF7FEFF 		bl	CYMEMZERO
 360              	.LBE3:
 263:.\Generated_Source\PSoC4/cyfitter_cfg.c **** 		{
ARM GAS  C:\Users\Parth\AppData\Local\Temp\cc47fGIZ.s 			page 12


 361              		.loc 1 263 0 discriminator 3
 362 0134 FB1D     		add	r3, r7, #7
 363 0136 1A78     		ldrb	r2, [r3]
 364 0138 FB1D     		add	r3, r7, #7
 365 013a 0132     		add	r2, r2, #1
 366 013c 1A70     		strb	r2, [r3]
 367              	.L11:
 263:.\Generated_Source\PSoC4/cyfitter_cfg.c **** 		{
 368              		.loc 1 263 0 is_stmt 0 discriminator 1
 369 013e FB1D     		add	r3, r7, #7
 370 0140 1B78     		ldrb	r3, [r3]
 371 0142 012B     		cmp	r3, #1
 372 0144 D7D9     		bls	.L12
 267:.\Generated_Source\PSoC4/cyfitter_cfg.c **** 		}
 268:.\Generated_Source\PSoC4/cyfitter_cfg.c **** 
 269:.\Generated_Source\PSoC4/cyfitter_cfg.c **** 		/* HSIOM Starting address: CYDEV_HSIOM_BASE */
 270:.\Generated_Source\PSoC4/cyfitter_cfg.c **** 		CY_SET_XTND_REG32((void CYFAR *)(CYDEV_HSIOM_BASE), 0xEE000099u);
 373              		.loc 1 270 0 is_stmt 1
 374 0146 244B     		ldr	r3, .L13+8
 375 0148 244A     		ldr	r2, .L13+12
 376 014a 1A60     		str	r2, [r3]
 271:.\Generated_Source\PSoC4/cyfitter_cfg.c **** 		CY_SET_XTND_REG32((void CYFAR *)(CYREG_HSIOM_PORT_SEL1), 0x00990000u);
 377              		.loc 1 271 0
 378 014c 244B     		ldr	r3, .L13+16
 379 014e 9922     		mov	r2, #153
 380 0150 1204     		lsl	r2, r2, #16
 381 0152 1A60     		str	r2, [r3]
 272:.\Generated_Source\PSoC4/cyfitter_cfg.c **** 
 273:.\Generated_Source\PSoC4/cyfitter_cfg.c **** 		/* UDB_PA_0 Starting address: CYDEV_UDB_PA0_BASE */
 274:.\Generated_Source\PSoC4/cyfitter_cfg.c **** 		CY_SET_XTND_REG32((void CYFAR *)(CYDEV_UDB_PA0_BASE), 0x00990000u);
 382              		.loc 1 274 0
 383 0154 234B     		ldr	r3, .L13+20
 384 0156 9922     		mov	r2, #153
 385 0158 1204     		lsl	r2, r2, #16
 386 015a 1A60     		str	r2, [r3]
 275:.\Generated_Source\PSoC4/cyfitter_cfg.c **** 
 276:.\Generated_Source\PSoC4/cyfitter_cfg.c **** 		/* UDB_PA_1 Starting address: CYDEV_UDB_PA1_BASE */
 277:.\Generated_Source\PSoC4/cyfitter_cfg.c **** 		CY_SET_XTND_REG32((void CYFAR *)(CYDEV_UDB_PA1_BASE), 0x00990000u);
 387              		.loc 1 277 0
 388 015c 224B     		ldr	r3, .L13+24
 389 015e 9922     		mov	r2, #153
 390 0160 1204     		lsl	r2, r2, #16
 391 0162 1A60     		str	r2, [r3]
 278:.\Generated_Source\PSoC4/cyfitter_cfg.c **** 
 279:.\Generated_Source\PSoC4/cyfitter_cfg.c **** 		/* Enable digital routing */
 280:.\Generated_Source\PSoC4/cyfitter_cfg.c **** 		CY_SET_XTND_REG8((void *)CYREG_UDB_UDBIF_BANK_CTL, CY_GET_XTND_REG8((void *)CYREG_UDB_UDBIF_BANK_
 392              		.loc 1 280 0
 393 0164 214A     		ldr	r2, .L13+28
 394 0166 214B     		ldr	r3, .L13+28
 395 0168 1B78     		ldrb	r3, [r3]
 396 016a DBB2     		uxtb	r3, r3
 397 016c 0221     		mov	r1, #2
 398 016e 0B43     		orr	r3, r1
 399 0170 DBB2     		uxtb	r3, r3
 400 0172 1370     		strb	r3, [r2]
 281:.\Generated_Source\PSoC4/cyfitter_cfg.c **** 
 282:.\Generated_Source\PSoC4/cyfitter_cfg.c **** 		/* Enable UDB array */
ARM GAS  C:\Users\Parth\AppData\Local\Temp\cc47fGIZ.s 			page 13


 283:.\Generated_Source\PSoC4/cyfitter_cfg.c **** 		CY_SET_XTND_REG8((void *)CYREG_UDB_UDBIF_WAIT_CFG, (uint8)((CY_GET_XTND_REG8((void *)CYREG_UDB_UD
 401              		.loc 1 283 0
 402 0174 1E4A     		ldr	r2, .L13+32
 403 0176 1E4B     		ldr	r3, .L13+32
 404 0178 1B78     		ldrb	r3, [r3]
 405 017a DBB2     		uxtb	r3, r3
 406 017c 3C21     		mov	r1, #60
 407 017e 8B43     		bic	r3, r1
 408 0180 DBB2     		uxtb	r3, r3
 409 0182 1421     		mov	r1, #20
 410 0184 0B43     		orr	r3, r1
 411 0186 DBB2     		uxtb	r3, r3
 412 0188 1370     		strb	r3, [r2]
 284:.\Generated_Source\PSoC4/cyfitter_cfg.c **** 		CY_SET_XTND_REG8((void *)CYREG_UDB_UDBIF_BANK_CTL, (uint8)(CY_GET_XTND_REG8((void *)CYREG_UDB_UDB
 413              		.loc 1 284 0
 414 018a 184A     		ldr	r2, .L13+28
 415 018c 174B     		ldr	r3, .L13+28
 416 018e 1B78     		ldrb	r3, [r3]
 417 0190 DBB2     		uxtb	r3, r3
 418 0192 1621     		mov	r1, #22
 419 0194 0B43     		orr	r3, r1
 420 0196 DBB2     		uxtb	r3, r3
 421 0198 1370     		strb	r3, [r2]
 422              	.LBE2:
 285:.\Generated_Source\PSoC4/cyfitter_cfg.c **** 	}
 286:.\Generated_Source\PSoC4/cyfitter_cfg.c **** 
 287:.\Generated_Source\PSoC4/cyfitter_cfg.c **** 	/* Perform second pass device configuration. These items must be configured in specific order afte
 288:.\Generated_Source\PSoC4/cyfitter_cfg.c **** 	/* IOPINS0_0 Starting address: CYDEV_GPIO_PRT0_BASE */
 289:.\Generated_Source\PSoC4/cyfitter_cfg.c **** 	CY_SET_XTND_REG32((void CYFAR *)(CYDEV_GPIO_PRT0_BASE), 0x00000002u);
 423              		.loc 1 289 0
 424 019a 164B     		ldr	r3, .L13+36
 425 019c 0222     		mov	r2, #2
 426 019e 1A60     		str	r2, [r3]
 290:.\Generated_Source\PSoC4/cyfitter_cfg.c **** 	CY_SET_XTND_REG32((void CYFAR *)(CYREG_GPIO_PRT0_PC), 0x00D80031u);
 427              		.loc 1 290 0
 428 01a0 154B     		ldr	r3, .L13+40
 429 01a2 164A     		ldr	r2, .L13+44
 430 01a4 1A60     		str	r2, [r3]
 291:.\Generated_Source\PSoC4/cyfitter_cfg.c **** 	CY_SET_XTND_REG32((void CYFAR *)(CYREG_GPIO_PRT0_PC2), 0x00000002u);
 431              		.loc 1 291 0
 432 01a6 164B     		ldr	r3, .L13+48
 433 01a8 0222     		mov	r2, #2
 434 01aa 1A60     		str	r2, [r3]
 292:.\Generated_Source\PSoC4/cyfitter_cfg.c **** 
 293:.\Generated_Source\PSoC4/cyfitter_cfg.c **** 	/* IOPINS0_1 Starting address: CYDEV_GPIO_PRT1_BASE */
 294:.\Generated_Source\PSoC4/cyfitter_cfg.c **** 	CY_SET_XTND_REG32((void CYFAR *)(CYDEV_GPIO_PRT1_BASE), 0x00000020u);
 435              		.loc 1 294 0
 436 01ac 154B     		ldr	r3, .L13+52
 437 01ae 2022     		mov	r2, #32
 438 01b0 1A60     		str	r2, [r3]
 295:.\Generated_Source\PSoC4/cyfitter_cfg.c **** 	CY_SET_XTND_REG32((void CYFAR *)(CYREG_GPIO_PRT1_PC), 0x00031000u);
 439              		.loc 1 295 0
 440 01b2 154B     		ldr	r3, .L13+56
 441 01b4 C422     		mov	r2, #196
 442 01b6 9202     		lsl	r2, r2, #10
 443 01b8 1A60     		str	r2, [r3]
 296:.\Generated_Source\PSoC4/cyfitter_cfg.c **** 	CY_SET_XTND_REG32((void CYFAR *)(CYREG_GPIO_PRT1_PC2), 0x00000020u);
ARM GAS  C:\Users\Parth\AppData\Local\Temp\cc47fGIZ.s 			page 14


 444              		.loc 1 296 0
 445 01ba 144B     		ldr	r3, .L13+60
 446 01bc 2022     		mov	r2, #32
 447 01be 1A60     		str	r2, [r3]
 297:.\Generated_Source\PSoC4/cyfitter_cfg.c **** 
 298:.\Generated_Source\PSoC4/cyfitter_cfg.c **** 
 299:.\Generated_Source\PSoC4/cyfitter_cfg.c **** 	/* Setup clocks based on selections from Clock DWR */
 300:.\Generated_Source\PSoC4/cyfitter_cfg.c **** 	ClockSetup();
 448              		.loc 1 300 0
 449 01c0 FFF71EFF 		bl	ClockSetup
 301:.\Generated_Source\PSoC4/cyfitter_cfg.c **** 
 302:.\Generated_Source\PSoC4/cyfitter_cfg.c **** 	/* Perform basic analog initialization to defaults */
 303:.\Generated_Source\PSoC4/cyfitter_cfg.c **** 	AnalogSetDefault();
 450              		.loc 1 303 0
 451 01c4 FFF7FEFF 		bl	AnalogSetDefault
 304:.\Generated_Source\PSoC4/cyfitter_cfg.c **** 
 305:.\Generated_Source\PSoC4/cyfitter_cfg.c **** }
 452              		.loc 1 305 0
 453 01c8 BD46     		mov	sp, r7
 454 01ca 02B0     		add	sp, sp, #8
 455              		@ sp needed
 456 01cc 80BD     		pop	{r7, pc}
 457              	.L14:
 458 01ce C046     		.align	2
 459              	.L13:
 460 01d0 6CF02E40 		.word	1076818028
 461 01d4 00000000 		.word	cfg_memset_list.4758
 462 01d8 00000240 		.word	1073872896
 463 01dc 990000EE 		.word	-301989735
 464 01e0 00010240 		.word	1073873152
 465 01e4 00500F40 		.word	1074745344
 466 01e8 10500F40 		.word	1074745360
 467 01ec 00700F40 		.word	1074753536
 468 01f0 01700F40 		.word	1074753537
 469 01f4 00000440 		.word	1074003968
 470 01f8 08000440 		.word	1074003976
 471 01fc 3100D800 		.word	14155825
 472 0200 18000440 		.word	1074003992
 473 0204 00010440 		.word	1074004224
 474 0208 08010440 		.word	1074004232
 475 020c 18010440 		.word	1074004248
 476              		.cfi_endproc
 477              	.LFE7:
 478              		.size	cyfitter_cfg, .-cyfitter_cfg
 479              		.section	.rodata
 480              		.align	2
 481              		.type	cfg_memset_list.4758, %object
 482              		.size	cfg_memset_list.4758, 12
 483              	cfg_memset_list.4758:
 484 0000 00300F40 		.word	1074737152
 485 0004 0004     		.short	1024
 486 0006 00400F40 		.4byte	1074741248
 487 000a 0004     		.short	1024
 488              		.text
 489              	.Letext0:
 490              		.file 2 "c:\\program files (x86)\\cypress\\psoc creator\\3.3\\psoc creator\\import\\gnu\\arm\\4.9.
 491              		.file 3 ".\\Generated_Source\\PSoC4\\cytypes.h"
ARM GAS  C:\Users\Parth\AppData\Local\Temp\cc47fGIZ.s 			page 15


 492              		.section	.debug_info,"",%progbits
 493              	.Ldebug_info0:
 494 0000 48020000 		.4byte	0x248
 495 0004 0400     		.2byte	0x4
 496 0006 00000000 		.4byte	.Ldebug_abbrev0
 497 000a 04       		.byte	0x4
 498 000b 01       		.uleb128 0x1
 499 000c F7000000 		.4byte	.LASF29
 500 0010 01       		.byte	0x1
 501 0011 CC010000 		.4byte	.LASF30
 502 0015 39000000 		.4byte	.LASF31
 503 0019 00000000 		.4byte	.Ldebug_ranges0+0
 504 001d 00000000 		.4byte	0
 505 0021 00000000 		.4byte	.Ldebug_line0
 506 0025 02       		.uleb128 0x2
 507 0026 04       		.byte	0x4
 508 0027 05       		.byte	0x5
 509 0028 696E7400 		.ascii	"int\000"
 510 002c 03       		.uleb128 0x3
 511 002d 06000000 		.4byte	.LASF11
 512 0031 02       		.byte	0x2
 513 0032 D4       		.byte	0xd4
 514 0033 37000000 		.4byte	0x37
 515 0037 04       		.uleb128 0x4
 516 0038 04       		.byte	0x4
 517 0039 07       		.byte	0x7
 518 003a 93010000 		.4byte	.LASF0
 519 003e 04       		.uleb128 0x4
 520 003f 01       		.byte	0x1
 521 0040 06       		.byte	0x6
 522 0041 23020000 		.4byte	.LASF1
 523 0045 04       		.uleb128 0x4
 524 0046 01       		.byte	0x1
 525 0047 08       		.byte	0x8
 526 0048 D5000000 		.4byte	.LASF2
 527 004c 04       		.uleb128 0x4
 528 004d 02       		.byte	0x2
 529 004e 05       		.byte	0x5
 530 004f 10020000 		.4byte	.LASF3
 531 0053 04       		.uleb128 0x4
 532 0054 02       		.byte	0x2
 533 0055 07       		.byte	0x7
 534 0056 8B000000 		.4byte	.LASF4
 535 005a 04       		.uleb128 0x4
 536 005b 04       		.byte	0x4
 537 005c 05       		.byte	0x5
 538 005d 1A020000 		.4byte	.LASF5
 539 0061 04       		.uleb128 0x4
 540 0062 04       		.byte	0x4
 541 0063 07       		.byte	0x7
 542 0064 B3000000 		.4byte	.LASF6
 543 0068 04       		.uleb128 0x4
 544 0069 08       		.byte	0x8
 545 006a 05       		.byte	0x5
 546 006b FD010000 		.4byte	.LASF7
 547 006f 04       		.uleb128 0x4
 548 0070 08       		.byte	0x8
ARM GAS  C:\Users\Parth\AppData\Local\Temp\cc47fGIZ.s 			page 16


 549 0071 07       		.byte	0x7
 550 0072 A8010000 		.4byte	.LASF8
 551 0076 04       		.uleb128 0x4
 552 0077 04       		.byte	0x4
 553 0078 07       		.byte	0x7
 554 0079 F4010000 		.4byte	.LASF9
 555 007d 05       		.uleb128 0x5
 556 007e 04       		.byte	0x4
 557 007f 04       		.uleb128 0x4
 558 0080 01       		.byte	0x1
 559 0081 08       		.byte	0x8
 560 0082 0B020000 		.4byte	.LASF10
 561 0086 06       		.uleb128 0x6
 562 0087 C5000000 		.4byte	.LASF12
 563 008b 03       		.byte	0x3
 564 008c 9801     		.2byte	0x198
 565 008e 45000000 		.4byte	0x45
 566 0092 06       		.uleb128 0x6
 567 0093 85010000 		.4byte	.LASF13
 568 0097 03       		.byte	0x3
 569 0098 9901     		.2byte	0x199
 570 009a 53000000 		.4byte	0x53
 571 009e 06       		.uleb128 0x6
 572 009f 8C010000 		.4byte	.LASF14
 573 00a3 03       		.byte	0x3
 574 00a4 9A01     		.2byte	0x19a
 575 00a6 61000000 		.4byte	0x61
 576 00aa 04       		.uleb128 0x4
 577 00ab 04       		.byte	0x4
 578 00ac 04       		.byte	0x4
 579 00ad 9E000000 		.4byte	.LASF15
 580 00b1 04       		.uleb128 0x4
 581 00b2 08       		.byte	0x8
 582 00b3 04       		.byte	0x4
 583 00b4 E3000000 		.4byte	.LASF16
 584 00b8 06       		.uleb128 0x6
 585 00b9 AE000000 		.4byte	.LASF17
 586 00bd 03       		.byte	0x3
 587 00be 4202     		.2byte	0x242
 588 00c0 C4000000 		.4byte	0xc4
 589 00c4 07       		.uleb128 0x7
 590 00c5 86000000 		.4byte	0x86
 591 00c9 06       		.uleb128 0x6
 592 00ca 00000000 		.4byte	.LASF18
 593 00ce 03       		.byte	0x3
 594 00cf 4402     		.2byte	0x244
 595 00d1 D5000000 		.4byte	0xd5
 596 00d5 07       		.uleb128 0x7
 597 00d6 9E000000 		.4byte	0x9e
 598 00da 08       		.uleb128 0x8
 599 00db CB000000 		.4byte	.LASF19
 600 00df 01       		.byte	0x1
 601 00e0 3C       		.byte	0x3c
 602 00e1 00000000 		.4byte	.LFB2
 603 00e5 1E000000 		.4byte	.LFE2-.LFB2
 604 00e9 01       		.uleb128 0x1
 605 00ea 9C       		.byte	0x9c
ARM GAS  C:\Users\Parth\AppData\Local\Temp\cc47fGIZ.s 			page 17


 606 00eb 08010000 		.4byte	0x108
 607 00ef 09       		.uleb128 0x9
 608 00f0 7300     		.ascii	"s\000"
 609 00f2 01       		.byte	0x1
 610 00f3 3C       		.byte	0x3c
 611 00f4 7D000000 		.4byte	0x7d
 612 00f8 02       		.uleb128 0x2
 613 00f9 91       		.byte	0x91
 614 00fa 74       		.sleb128 -12
 615 00fb 09       		.uleb128 0x9
 616 00fc 6E00     		.ascii	"n\000"
 617 00fe 01       		.byte	0x1
 618 00ff 3C       		.byte	0x3c
 619 0100 2C000000 		.4byte	0x2c
 620 0104 02       		.uleb128 0x2
 621 0105 91       		.byte	0x91
 622 0106 70       		.sleb128 -16
 623 0107 00       		.byte	0
 624 0108 08       		.uleb128 0x8
 625 0109 3F020000 		.4byte	.LASF20
 626 010d 01       		.byte	0x1
 627 010e 43       		.byte	0x43
 628 010f 00000000 		.4byte	.LFB3
 629 0113 22000000 		.4byte	.LFE3-.LFB3
 630 0117 01       		.uleb128 0x1
 631 0118 9C       		.byte	0x9c
 632 0119 46010000 		.4byte	0x146
 633 011d 0A       		.uleb128 0xa
 634 011e A4000000 		.4byte	.LASF21
 635 0122 01       		.byte	0x1
 636 0123 43       		.byte	0x43
 637 0124 7D000000 		.4byte	0x7d
 638 0128 02       		.uleb128 0x2
 639 0129 91       		.byte	0x91
 640 012a 74       		.sleb128 -12
 641 012b 09       		.uleb128 0x9
 642 012c 73726300 		.ascii	"src\000"
 643 0130 01       		.byte	0x1
 644 0131 43       		.byte	0x43
 645 0132 46010000 		.4byte	0x146
 646 0136 02       		.uleb128 0x2
 647 0137 91       		.byte	0x91
 648 0138 70       		.sleb128 -16
 649 0139 09       		.uleb128 0x9
 650 013a 6E00     		.ascii	"n\000"
 651 013c 01       		.byte	0x1
 652 013d 43       		.byte	0x43
 653 013e 2C000000 		.4byte	0x2c
 654 0142 02       		.uleb128 0x2
 655 0143 91       		.byte	0x91
 656 0144 6C       		.sleb128 -20
 657 0145 00       		.byte	0
 658 0146 0B       		.uleb128 0xb
 659 0147 04       		.byte	0x4
 660 0148 4C010000 		.4byte	0x14c
 661 014c 0C       		.uleb128 0xc
 662 014d 08       		.uleb128 0x8
ARM GAS  C:\Users\Parth\AppData\Local\Temp\cc47fGIZ.s 			page 18


 663 014e 2F020000 		.4byte	.LASF22
 664 0152 01       		.byte	0x1
 665 0153 4A       		.byte	0x4a
 666 0154 00000000 		.4byte	.LFB4
 667 0158 22000000 		.4byte	.LFE4-.LFB4
 668 015c 01       		.uleb128 0x1
 669 015d 9C       		.byte	0x9c
 670 015e 8B010000 		.4byte	0x18b
 671 0162 0A       		.uleb128 0xa
 672 0163 A4000000 		.4byte	.LASF21
 673 0167 01       		.byte	0x1
 674 0168 4A       		.byte	0x4a
 675 0169 7D000000 		.4byte	0x7d
 676 016d 02       		.uleb128 0x2
 677 016e 91       		.byte	0x91
 678 016f 74       		.sleb128 -12
 679 0170 09       		.uleb128 0x9
 680 0171 73726300 		.ascii	"src\000"
 681 0175 01       		.byte	0x1
 682 0176 4A       		.byte	0x4a
 683 0177 46010000 		.4byte	0x146
 684 017b 02       		.uleb128 0x2
 685 017c 91       		.byte	0x91
 686 017d 70       		.sleb128 -16
 687 017e 09       		.uleb128 0x9
 688 017f 6E00     		.ascii	"n\000"
 689 0181 01       		.byte	0x1
 690 0182 4A       		.byte	0x4a
 691 0183 2C000000 		.4byte	0x2c
 692 0187 02       		.uleb128 0x2
 693 0188 91       		.byte	0x91
 694 0189 6C       		.sleb128 -20
 695 018a 00       		.byte	0
 696 018b 0D       		.uleb128 0xd
 697 018c 2E000000 		.4byte	.LASF23
 698 0190 01       		.byte	0x1
 699 0191 91       		.byte	0x91
 700 0192 00000000 		.4byte	.LFB5
 701 0196 E0000000 		.4byte	.LFE5-.LFB5
 702 019a 01       		.uleb128 0x1
 703 019b 9C       		.byte	0x9c
 704 019c 0E       		.uleb128 0xe
 705 019d 0D000000 		.4byte	.LASF24
 706 01a1 01       		.byte	0x1
 707 01a2 D5       		.byte	0xd5
 708 01a3 00000000 		.4byte	.LFB6
 709 01a7 28000000 		.4byte	.LFE6-.LFB6
 710 01ab 01       		.uleb128 0x1
 711 01ac 9C       		.byte	0x9c
 712 01ad 0F       		.uleb128 0xf
 713 01ae EA000000 		.4byte	.LASF32
 714 01b2 01       		.byte	0x1
 715 01b3 F0       		.byte	0xf0
 716 01b4 E0000000 		.4byte	.LFB7
 717 01b8 30010000 		.4byte	.LFE7-.LFB7
 718 01bc 01       		.uleb128 0x1
 719 01bd 9C       		.byte	0x9c
ARM GAS  C:\Users\Parth\AppData\Local\Temp\cc47fGIZ.s 			page 19


 720 01be 10       		.uleb128 0x10
 721 01bf EE000000 		.4byte	.LBB2
 722 01c3 AC000000 		.4byte	.LBE2-.LBB2
 723 01c7 11       		.uleb128 0x11
 724 01c8 06       		.byte	0x6
 725 01c9 01       		.byte	0x1
 726 01ca F9       		.byte	0xf9
 727 01cb E8010000 		.4byte	0x1e8
 728 01cf 12       		.uleb128 0x12
 729 01d0 A0010000 		.4byte	.LASF25
 730 01d4 01       		.byte	0x1
 731 01d5 FA       		.byte	0xfa
 732 01d6 7D000000 		.4byte	0x7d
 733 01da 00       		.byte	0
 734 01db 12       		.uleb128 0x12
 735 01dc A9000000 		.4byte	.LASF26
 736 01e0 01       		.byte	0x1
 737 01e1 FB       		.byte	0xfb
 738 01e2 92000000 		.4byte	0x92
 739 01e6 04       		.byte	0x4
 740 01e7 00       		.byte	0
 741 01e8 03       		.uleb128 0x3
 742 01e9 BF010000 		.4byte	.LASF27
 743 01ed 01       		.byte	0x1
 744 01ee FC       		.byte	0xfc
 745 01ef C7010000 		.4byte	0x1c7
 746 01f3 13       		.uleb128 0x13
 747 01f4 E8010000 		.4byte	0x1e8
 748 01f8 03020000 		.4byte	0x203
 749 01fc 14       		.uleb128 0x14
 750 01fd 76000000 		.4byte	0x76
 751 0201 01       		.byte	0x1
 752 0202 00       		.byte	0
 753 0203 15       		.uleb128 0x15
 754 0204 1E000000 		.4byte	.LASF28
 755 0208 01       		.byte	0x1
 756 0209 FE       		.byte	0xfe
 757 020a 14020000 		.4byte	0x214
 758 020e 05       		.uleb128 0x5
 759 020f 03       		.byte	0x3
 760 0210 00000000 		.4byte	cfg_memset_list.4758
 761 0214 16       		.uleb128 0x16
 762 0215 F3010000 		.4byte	0x1f3
 763 0219 17       		.uleb128 0x17
 764 021a 6900     		.ascii	"i\000"
 765 021c 01       		.byte	0x1
 766 021d 0401     		.2byte	0x104
 767 021f 86000000 		.4byte	0x86
 768 0223 02       		.uleb128 0x2
 769 0224 91       		.byte	0x91
 770 0225 77       		.sleb128 -9
 771 0226 10       		.uleb128 0x10
 772 0227 F6000000 		.4byte	.LBB3
 773 022b 3E000000 		.4byte	.LBE3-.LBB3
 774 022f 17       		.uleb128 0x17
 775 0230 6D7300   		.ascii	"ms\000"
 776 0233 01       		.byte	0x1
ARM GAS  C:\Users\Parth\AppData\Local\Temp\cc47fGIZ.s 			page 20


 777 0234 0901     		.2byte	0x109
 778 0236 3D020000 		.4byte	0x23d
 779 023a 02       		.uleb128 0x2
 780 023b 91       		.byte	0x91
 781 023c 70       		.sleb128 -16
 782 023d 0B       		.uleb128 0xb
 783 023e 04       		.byte	0x4
 784 023f 43020000 		.4byte	0x243
 785 0243 16       		.uleb128 0x16
 786 0244 E8010000 		.4byte	0x1e8
 787 0248 00       		.byte	0
 788 0249 00       		.byte	0
 789 024a 00       		.byte	0
 790 024b 00       		.byte	0
 791              		.section	.debug_abbrev,"",%progbits
 792              	.Ldebug_abbrev0:
 793 0000 01       		.uleb128 0x1
 794 0001 11       		.uleb128 0x11
 795 0002 01       		.byte	0x1
 796 0003 25       		.uleb128 0x25
 797 0004 0E       		.uleb128 0xe
 798 0005 13       		.uleb128 0x13
 799 0006 0B       		.uleb128 0xb
 800 0007 03       		.uleb128 0x3
 801 0008 0E       		.uleb128 0xe
 802 0009 1B       		.uleb128 0x1b
 803 000a 0E       		.uleb128 0xe
 804 000b 55       		.uleb128 0x55
 805 000c 17       		.uleb128 0x17
 806 000d 11       		.uleb128 0x11
 807 000e 01       		.uleb128 0x1
 808 000f 10       		.uleb128 0x10
 809 0010 17       		.uleb128 0x17
 810 0011 00       		.byte	0
 811 0012 00       		.byte	0
 812 0013 02       		.uleb128 0x2
 813 0014 24       		.uleb128 0x24
 814 0015 00       		.byte	0
 815 0016 0B       		.uleb128 0xb
 816 0017 0B       		.uleb128 0xb
 817 0018 3E       		.uleb128 0x3e
 818 0019 0B       		.uleb128 0xb
 819 001a 03       		.uleb128 0x3
 820 001b 08       		.uleb128 0x8
 821 001c 00       		.byte	0
 822 001d 00       		.byte	0
 823 001e 03       		.uleb128 0x3
 824 001f 16       		.uleb128 0x16
 825 0020 00       		.byte	0
 826 0021 03       		.uleb128 0x3
 827 0022 0E       		.uleb128 0xe
 828 0023 3A       		.uleb128 0x3a
 829 0024 0B       		.uleb128 0xb
 830 0025 3B       		.uleb128 0x3b
 831 0026 0B       		.uleb128 0xb
 832 0027 49       		.uleb128 0x49
 833 0028 13       		.uleb128 0x13
ARM GAS  C:\Users\Parth\AppData\Local\Temp\cc47fGIZ.s 			page 21


 834 0029 00       		.byte	0
 835 002a 00       		.byte	0
 836 002b 04       		.uleb128 0x4
 837 002c 24       		.uleb128 0x24
 838 002d 00       		.byte	0
 839 002e 0B       		.uleb128 0xb
 840 002f 0B       		.uleb128 0xb
 841 0030 3E       		.uleb128 0x3e
 842 0031 0B       		.uleb128 0xb
 843 0032 03       		.uleb128 0x3
 844 0033 0E       		.uleb128 0xe
 845 0034 00       		.byte	0
 846 0035 00       		.byte	0
 847 0036 05       		.uleb128 0x5
 848 0037 0F       		.uleb128 0xf
 849 0038 00       		.byte	0
 850 0039 0B       		.uleb128 0xb
 851 003a 0B       		.uleb128 0xb
 852 003b 00       		.byte	0
 853 003c 00       		.byte	0
 854 003d 06       		.uleb128 0x6
 855 003e 16       		.uleb128 0x16
 856 003f 00       		.byte	0
 857 0040 03       		.uleb128 0x3
 858 0041 0E       		.uleb128 0xe
 859 0042 3A       		.uleb128 0x3a
 860 0043 0B       		.uleb128 0xb
 861 0044 3B       		.uleb128 0x3b
 862 0045 05       		.uleb128 0x5
 863 0046 49       		.uleb128 0x49
 864 0047 13       		.uleb128 0x13
 865 0048 00       		.byte	0
 866 0049 00       		.byte	0
 867 004a 07       		.uleb128 0x7
 868 004b 35       		.uleb128 0x35
 869 004c 00       		.byte	0
 870 004d 49       		.uleb128 0x49
 871 004e 13       		.uleb128 0x13
 872 004f 00       		.byte	0
 873 0050 00       		.byte	0
 874 0051 08       		.uleb128 0x8
 875 0052 2E       		.uleb128 0x2e
 876 0053 01       		.byte	0x1
 877 0054 03       		.uleb128 0x3
 878 0055 0E       		.uleb128 0xe
 879 0056 3A       		.uleb128 0x3a
 880 0057 0B       		.uleb128 0xb
 881 0058 3B       		.uleb128 0x3b
 882 0059 0B       		.uleb128 0xb
 883 005a 27       		.uleb128 0x27
 884 005b 19       		.uleb128 0x19
 885 005c 11       		.uleb128 0x11
 886 005d 01       		.uleb128 0x1
 887 005e 12       		.uleb128 0x12
 888 005f 06       		.uleb128 0x6
 889 0060 40       		.uleb128 0x40
 890 0061 18       		.uleb128 0x18
ARM GAS  C:\Users\Parth\AppData\Local\Temp\cc47fGIZ.s 			page 22


 891 0062 9642     		.uleb128 0x2116
 892 0064 19       		.uleb128 0x19
 893 0065 01       		.uleb128 0x1
 894 0066 13       		.uleb128 0x13
 895 0067 00       		.byte	0
 896 0068 00       		.byte	0
 897 0069 09       		.uleb128 0x9
 898 006a 05       		.uleb128 0x5
 899 006b 00       		.byte	0
 900 006c 03       		.uleb128 0x3
 901 006d 08       		.uleb128 0x8
 902 006e 3A       		.uleb128 0x3a
 903 006f 0B       		.uleb128 0xb
 904 0070 3B       		.uleb128 0x3b
 905 0071 0B       		.uleb128 0xb
 906 0072 49       		.uleb128 0x49
 907 0073 13       		.uleb128 0x13
 908 0074 02       		.uleb128 0x2
 909 0075 18       		.uleb128 0x18
 910 0076 00       		.byte	0
 911 0077 00       		.byte	0
 912 0078 0A       		.uleb128 0xa
 913 0079 05       		.uleb128 0x5
 914 007a 00       		.byte	0
 915 007b 03       		.uleb128 0x3
 916 007c 0E       		.uleb128 0xe
 917 007d 3A       		.uleb128 0x3a
 918 007e 0B       		.uleb128 0xb
 919 007f 3B       		.uleb128 0x3b
 920 0080 0B       		.uleb128 0xb
 921 0081 49       		.uleb128 0x49
 922 0082 13       		.uleb128 0x13
 923 0083 02       		.uleb128 0x2
 924 0084 18       		.uleb128 0x18
 925 0085 00       		.byte	0
 926 0086 00       		.byte	0
 927 0087 0B       		.uleb128 0xb
 928 0088 0F       		.uleb128 0xf
 929 0089 00       		.byte	0
 930 008a 0B       		.uleb128 0xb
 931 008b 0B       		.uleb128 0xb
 932 008c 49       		.uleb128 0x49
 933 008d 13       		.uleb128 0x13
 934 008e 00       		.byte	0
 935 008f 00       		.byte	0
 936 0090 0C       		.uleb128 0xc
 937 0091 26       		.uleb128 0x26
 938 0092 00       		.byte	0
 939 0093 00       		.byte	0
 940 0094 00       		.byte	0
 941 0095 0D       		.uleb128 0xd
 942 0096 2E       		.uleb128 0x2e
 943 0097 00       		.byte	0
 944 0098 03       		.uleb128 0x3
 945 0099 0E       		.uleb128 0xe
 946 009a 3A       		.uleb128 0x3a
 947 009b 0B       		.uleb128 0xb
ARM GAS  C:\Users\Parth\AppData\Local\Temp\cc47fGIZ.s 			page 23


 948 009c 3B       		.uleb128 0x3b
 949 009d 0B       		.uleb128 0xb
 950 009e 27       		.uleb128 0x27
 951 009f 19       		.uleb128 0x19
 952 00a0 11       		.uleb128 0x11
 953 00a1 01       		.uleb128 0x1
 954 00a2 12       		.uleb128 0x12
 955 00a3 06       		.uleb128 0x6
 956 00a4 40       		.uleb128 0x40
 957 00a5 18       		.uleb128 0x18
 958 00a6 9642     		.uleb128 0x2116
 959 00a8 19       		.uleb128 0x19
 960 00a9 00       		.byte	0
 961 00aa 00       		.byte	0
 962 00ab 0E       		.uleb128 0xe
 963 00ac 2E       		.uleb128 0x2e
 964 00ad 00       		.byte	0
 965 00ae 03       		.uleb128 0x3
 966 00af 0E       		.uleb128 0xe
 967 00b0 3A       		.uleb128 0x3a
 968 00b1 0B       		.uleb128 0xb
 969 00b2 3B       		.uleb128 0x3b
 970 00b3 0B       		.uleb128 0xb
 971 00b4 27       		.uleb128 0x27
 972 00b5 19       		.uleb128 0x19
 973 00b6 11       		.uleb128 0x11
 974 00b7 01       		.uleb128 0x1
 975 00b8 12       		.uleb128 0x12
 976 00b9 06       		.uleb128 0x6
 977 00ba 40       		.uleb128 0x40
 978 00bb 18       		.uleb128 0x18
 979 00bc 9742     		.uleb128 0x2117
 980 00be 19       		.uleb128 0x19
 981 00bf 00       		.byte	0
 982 00c0 00       		.byte	0
 983 00c1 0F       		.uleb128 0xf
 984 00c2 2E       		.uleb128 0x2e
 985 00c3 01       		.byte	0x1
 986 00c4 3F       		.uleb128 0x3f
 987 00c5 19       		.uleb128 0x19
 988 00c6 03       		.uleb128 0x3
 989 00c7 0E       		.uleb128 0xe
 990 00c8 3A       		.uleb128 0x3a
 991 00c9 0B       		.uleb128 0xb
 992 00ca 3B       		.uleb128 0x3b
 993 00cb 0B       		.uleb128 0xb
 994 00cc 27       		.uleb128 0x27
 995 00cd 19       		.uleb128 0x19
 996 00ce 11       		.uleb128 0x11
 997 00cf 01       		.uleb128 0x1
 998 00d0 12       		.uleb128 0x12
 999 00d1 06       		.uleb128 0x6
 1000 00d2 40       		.uleb128 0x40
 1001 00d3 18       		.uleb128 0x18
 1002 00d4 9642     		.uleb128 0x2116
 1003 00d6 19       		.uleb128 0x19
 1004 00d7 00       		.byte	0
ARM GAS  C:\Users\Parth\AppData\Local\Temp\cc47fGIZ.s 			page 24


 1005 00d8 00       		.byte	0
 1006 00d9 10       		.uleb128 0x10
 1007 00da 0B       		.uleb128 0xb
 1008 00db 01       		.byte	0x1
 1009 00dc 11       		.uleb128 0x11
 1010 00dd 01       		.uleb128 0x1
 1011 00de 12       		.uleb128 0x12
 1012 00df 06       		.uleb128 0x6
 1013 00e0 00       		.byte	0
 1014 00e1 00       		.byte	0
 1015 00e2 11       		.uleb128 0x11
 1016 00e3 13       		.uleb128 0x13
 1017 00e4 01       		.byte	0x1
 1018 00e5 0B       		.uleb128 0xb
 1019 00e6 0B       		.uleb128 0xb
 1020 00e7 3A       		.uleb128 0x3a
 1021 00e8 0B       		.uleb128 0xb
 1022 00e9 3B       		.uleb128 0x3b
 1023 00ea 0B       		.uleb128 0xb
 1024 00eb 01       		.uleb128 0x1
 1025 00ec 13       		.uleb128 0x13
 1026 00ed 00       		.byte	0
 1027 00ee 00       		.byte	0
 1028 00ef 12       		.uleb128 0x12
 1029 00f0 0D       		.uleb128 0xd
 1030 00f1 00       		.byte	0
 1031 00f2 03       		.uleb128 0x3
 1032 00f3 0E       		.uleb128 0xe
 1033 00f4 3A       		.uleb128 0x3a
 1034 00f5 0B       		.uleb128 0xb
 1035 00f6 3B       		.uleb128 0x3b
 1036 00f7 0B       		.uleb128 0xb
 1037 00f8 49       		.uleb128 0x49
 1038 00f9 13       		.uleb128 0x13
 1039 00fa 38       		.uleb128 0x38
 1040 00fb 0B       		.uleb128 0xb
 1041 00fc 00       		.byte	0
 1042 00fd 00       		.byte	0
 1043 00fe 13       		.uleb128 0x13
 1044 00ff 01       		.uleb128 0x1
 1045 0100 01       		.byte	0x1
 1046 0101 49       		.uleb128 0x49
 1047 0102 13       		.uleb128 0x13
 1048 0103 01       		.uleb128 0x1
 1049 0104 13       		.uleb128 0x13
 1050 0105 00       		.byte	0
 1051 0106 00       		.byte	0
 1052 0107 14       		.uleb128 0x14
 1053 0108 21       		.uleb128 0x21
 1054 0109 00       		.byte	0
 1055 010a 49       		.uleb128 0x49
 1056 010b 13       		.uleb128 0x13
 1057 010c 2F       		.uleb128 0x2f
 1058 010d 0B       		.uleb128 0xb
 1059 010e 00       		.byte	0
 1060 010f 00       		.byte	0
 1061 0110 15       		.uleb128 0x15
ARM GAS  C:\Users\Parth\AppData\Local\Temp\cc47fGIZ.s 			page 25


 1062 0111 34       		.uleb128 0x34
 1063 0112 00       		.byte	0
 1064 0113 03       		.uleb128 0x3
 1065 0114 0E       		.uleb128 0xe
 1066 0115 3A       		.uleb128 0x3a
 1067 0116 0B       		.uleb128 0xb
 1068 0117 3B       		.uleb128 0x3b
 1069 0118 0B       		.uleb128 0xb
 1070 0119 49       		.uleb128 0x49
 1071 011a 13       		.uleb128 0x13
 1072 011b 02       		.uleb128 0x2
 1073 011c 18       		.uleb128 0x18
 1074 011d 00       		.byte	0
 1075 011e 00       		.byte	0
 1076 011f 16       		.uleb128 0x16
 1077 0120 26       		.uleb128 0x26
 1078 0121 00       		.byte	0
 1079 0122 49       		.uleb128 0x49
 1080 0123 13       		.uleb128 0x13
 1081 0124 00       		.byte	0
 1082 0125 00       		.byte	0
 1083 0126 17       		.uleb128 0x17
 1084 0127 34       		.uleb128 0x34
 1085 0128 00       		.byte	0
 1086 0129 03       		.uleb128 0x3
 1087 012a 08       		.uleb128 0x8
 1088 012b 3A       		.uleb128 0x3a
 1089 012c 0B       		.uleb128 0xb
 1090 012d 3B       		.uleb128 0x3b
 1091 012e 05       		.uleb128 0x5
 1092 012f 49       		.uleb128 0x49
 1093 0130 13       		.uleb128 0x13
 1094 0131 02       		.uleb128 0x2
 1095 0132 18       		.uleb128 0x18
 1096 0133 00       		.byte	0
 1097 0134 00       		.byte	0
 1098 0135 00       		.byte	0
 1099              		.section	.debug_aranges,"",%progbits
 1100 0000 44000000 		.4byte	0x44
 1101 0004 0200     		.2byte	0x2
 1102 0006 00000000 		.4byte	.Ldebug_info0
 1103 000a 04       		.byte	0x4
 1104 000b 00       		.byte	0
 1105 000c 0000     		.2byte	0
 1106 000e 0000     		.2byte	0
 1107 0010 00000000 		.4byte	.LFB2
 1108 0014 1E000000 		.4byte	.LFE2-.LFB2
 1109 0018 00000000 		.4byte	.LFB3
 1110 001c 22000000 		.4byte	.LFE3-.LFB3
 1111 0020 00000000 		.4byte	.LFB4
 1112 0024 22000000 		.4byte	.LFE4-.LFB4
 1113 0028 00000000 		.4byte	.LFB5
 1114 002c E0000000 		.4byte	.LFE5-.LFB5
 1115 0030 00000000 		.4byte	.LFB6
 1116 0034 28000000 		.4byte	.LFE6-.LFB6
 1117 0038 E0000000 		.4byte	.LFB7
 1118 003c 30010000 		.4byte	.LFE7-.LFB7
ARM GAS  C:\Users\Parth\AppData\Local\Temp\cc47fGIZ.s 			page 26


 1119 0040 00000000 		.4byte	0
 1120 0044 00000000 		.4byte	0
 1121              		.section	.debug_ranges,"",%progbits
 1122              	.Ldebug_ranges0:
 1123 0000 00000000 		.4byte	.LFB2
 1124 0004 1E000000 		.4byte	.LFE2
 1125 0008 00000000 		.4byte	.LFB3
 1126 000c 22000000 		.4byte	.LFE3
 1127 0010 00000000 		.4byte	.LFB4
 1128 0014 22000000 		.4byte	.LFE4
 1129 0018 00000000 		.4byte	.LFB5
 1130 001c E0000000 		.4byte	.LFE5
 1131 0020 00000000 		.4byte	.LFB6
 1132 0024 28000000 		.4byte	.LFE6
 1133 0028 E0000000 		.4byte	.LFB7
 1134 002c 10020000 		.4byte	.LFE7
 1135 0030 00000000 		.4byte	0
 1136 0034 00000000 		.4byte	0
 1137              		.section	.debug_line,"",%progbits
 1138              	.Ldebug_line0:
 1139 0000 72010000 		.section	.debug_str,"MS",%progbits,1
 1139      0200CD00 
 1139      00000201 
 1139      FB0E0D00 
 1139      01010101 
 1140              	.LASF18:
 1141 0000 72656733 		.ascii	"reg32\000"
 1141      3200
 1142              	.LASF11:
 1143 0006 73697A65 		.ascii	"size_t\000"
 1143      5F7400
 1144              	.LASF24:
 1145 000d 416E616C 		.ascii	"AnalogSetDefault\000"
 1145      6F675365 
 1145      74446566 
 1145      61756C74 
 1145      00
 1146              	.LASF28:
 1147 001e 6366675F 		.ascii	"cfg_memset_list\000"
 1147      6D656D73 
 1147      65745F6C 
 1147      69737400 
 1148              	.LASF23:
 1149 002e 436C6F63 		.ascii	"ClockSetup\000"
 1149      6B536574 
 1149      757000
 1150              	.LASF31:
 1151 0039 433A5C55 		.ascii	"C:\\Users\\Parth\\Documents\\PSoC Creator\\SCB_Unco"
 1151      73657273 
 1151      5C506172 
 1151      74685C44 
 1151      6F63756D 
 1152 0067 6E666967 		.ascii	"nfiguredComm01\\SCB_UartComm01.cydsn\000"
 1152      75726564 
 1152      436F6D6D 
 1152      30315C53 
 1152      43425F55 
ARM GAS  C:\Users\Parth\AppData\Local\Temp\cc47fGIZ.s 			page 27


 1153              	.LASF4:
 1154 008b 73686F72 		.ascii	"short unsigned int\000"
 1154      7420756E 
 1154      7369676E 
 1154      65642069 
 1154      6E7400
 1155              	.LASF15:
 1156 009e 666C6F61 		.ascii	"float\000"
 1156      7400
 1157              	.LASF21:
 1158 00a4 64657374 		.ascii	"dest\000"
 1158      00
 1159              	.LASF26:
 1160 00a9 73697A65 		.ascii	"size\000"
 1160      00
 1161              	.LASF17:
 1162 00ae 72656738 		.ascii	"reg8\000"
 1162      00
 1163              	.LASF6:
 1164 00b3 6C6F6E67 		.ascii	"long unsigned int\000"
 1164      20756E73 
 1164      69676E65 
 1164      6420696E 
 1164      7400
 1165              	.LASF12:
 1166 00c5 75696E74 		.ascii	"uint8\000"
 1166      3800
 1167              	.LASF19:
 1168 00cb 43594D45 		.ascii	"CYMEMZERO\000"
 1168      4D5A4552 
 1168      4F00
 1169              	.LASF2:
 1170 00d5 756E7369 		.ascii	"unsigned char\000"
 1170      676E6564 
 1170      20636861 
 1170      7200
 1171              	.LASF16:
 1172 00e3 646F7562 		.ascii	"double\000"
 1172      6C6500
 1173              	.LASF32:
 1174 00ea 63796669 		.ascii	"cyfitter_cfg\000"
 1174      74746572 
 1174      5F636667 
 1174      00
 1175              	.LASF29:
 1176 00f7 474E5520 		.ascii	"GNU C 4.9.3 20150303 (release) [ARM/embedded-4_9-br"
 1176      4320342E 
 1176      392E3320 
 1176      32303135 
 1176      30333033 
 1177 012a 616E6368 		.ascii	"anch revision 221220] -mcpu=cortex-m0 -mthumb -g -O"
 1177      20726576 
 1177      6973696F 
 1177      6E203232 
 1177      31323230 
 1178 015d 30202D66 		.ascii	"0 -ffunction-sections -ffat-lto-objects\000"
 1178      66756E63 
ARM GAS  C:\Users\Parth\AppData\Local\Temp\cc47fGIZ.s 			page 28


 1178      74696F6E 
 1178      2D736563 
 1178      74696F6E 
 1179              	.LASF13:
 1180 0185 75696E74 		.ascii	"uint16\000"
 1180      313600
 1181              	.LASF14:
 1182 018c 75696E74 		.ascii	"uint32\000"
 1182      333200
 1183              	.LASF0:
 1184 0193 756E7369 		.ascii	"unsigned int\000"
 1184      676E6564 
 1184      20696E74 
 1184      00
 1185              	.LASF25:
 1186 01a0 61646472 		.ascii	"address\000"
 1186      65737300 
 1187              	.LASF8:
 1188 01a8 6C6F6E67 		.ascii	"long long unsigned int\000"
 1188      206C6F6E 
 1188      6720756E 
 1188      7369676E 
 1188      65642069 
 1189              	.LASF27:
 1190 01bf 6366675F 		.ascii	"cfg_memset_t\000"
 1190      6D656D73 
 1190      65745F74 
 1190      00
 1191              	.LASF30:
 1192 01cc 2E5C4765 		.ascii	".\\Generated_Source\\PSoC4\\cyfitter_cfg.c\000"
 1192      6E657261 
 1192      7465645F 
 1192      536F7572 
 1192      63655C50 
 1193              	.LASF9:
 1194 01f4 73697A65 		.ascii	"sizetype\000"
 1194      74797065 
 1194      00
 1195              	.LASF7:
 1196 01fd 6C6F6E67 		.ascii	"long long int\000"
 1196      206C6F6E 
 1196      6720696E 
 1196      7400
 1197              	.LASF10:
 1198 020b 63686172 		.ascii	"char\000"
 1198      00
 1199              	.LASF3:
 1200 0210 73686F72 		.ascii	"short int\000"
 1200      7420696E 
 1200      7400
 1201              	.LASF5:
 1202 021a 6C6F6E67 		.ascii	"long int\000"
 1202      20696E74 
 1202      00
 1203              	.LASF1:
 1204 0223 7369676E 		.ascii	"signed char\000"
 1204      65642063 
ARM GAS  C:\Users\Parth\AppData\Local\Temp\cc47fGIZ.s 			page 29


 1204      68617200 
 1205              	.LASF22:
 1206 022f 4359434F 		.ascii	"CYCONFIGCPYCODE\000"
 1206      4E464947 
 1206      43505943 
 1206      4F444500 
 1207              	.LASF20:
 1208 023f 4359434F 		.ascii	"CYCONFIGCPY\000"
 1208      4E464947 
 1208      43505900 
 1209              		.ident	"GCC: (GNU Tools for ARM Embedded Processors) 4.9.3 20150303 (release) [ARM/embedded-4_9-br
